[2019-02-11 09:42:22.074] - [INFO] - [AccountApplication] - msg:[Starting AccountApplication v0.0.1-SNAPSHOT on bquiroz with PID 8022 (/opt/tomcat/webapps/account/WEB-INF/classes started by tomcat in /)]
[2019-02-11 09:42:22.089] - [DEBUG] - [AccountApplication] - msg:[Running with Spring Boot v2.0.2.RELEASE, Spring v5.0.6.RELEASE]
[2019-02-11 09:42:22.091] - [INFO] - [AccountApplication] - msg:[No active profile set, falling back to default profiles: default]
[2019-02-11 09:42:26.291] - [INFO] - [WebSecurityConfig$$EnhancerBySpringCGLIB$$af1d8ae9] - msg:[Se agrega cors domain: http://vpetrel.mobid.cl]
[2019-02-11 09:42:26.397] - [INFO] - [InitBean] - msg:[Aplicacion inicializada]
[2019-02-11 09:42:26.398] - [INFO] - [InitBean] - msg:[Location Properties: /home/appmobid/apps/tomcat/account/properties/]
[2019-02-11 09:42:26.399] - [DEBUG] - [PropertiesConfig] - msg:[set pathProperty: /home/appmobid/apps/tomcat/account/properties/]
[2019-02-11 09:42:26.399] - [DEBUG] - [PropertiesConfig] - msg:[set path: /home/appmobid/apps/tomcat/account/properties/msg.properties]
[2019-02-11 09:42:26.420] - [DEBUG] - [PropertiesConfig] - msg:[set path: /home/appmobid/apps/tomcat/account/properties/config.properties]
[2019-02-11 09:42:26.465] - [INFO] - [PoolConectionConfig] - msg:[Url Base de datos: jdbc:mysql://10.142.0.4:3306/mcs_master_proyect]
[2019-02-11 09:42:27.951] - [INFO] - [AccountApplication] - msg:[Started AccountApplication in 6.773 seconds (JVM running for 13.008)]
[2019-02-11 09:42:27.981] - [DEBUG] - [AuthorizationTokenFilter] - msg:[Initializing filter 'authorizationTokenFilter']
[2019-02-11 09:42:27.982] - [DEBUG] - [AuthorizationTokenFilter] - msg:[Filter 'authorizationTokenFilter' configured successfully]
[2019-02-11 09:42:51.734] - [ERROR] - [AccountDetailsDao] - msg:[ERROR SQL AL OBTENER DATOS DE USUARIO]
[2019-02-11 10:33:17.352] - [ERROR] - [AccountDetailsDao] - msg:[ERROR SQL AL OBTENER DATOS DE USUARIO]
[2019-02-11 10:37:49.794] - [ERROR] - [UserDao] - msg:[Communications link failure

The last packet successfully received from the server was 1,023,709 milliseconds ago.  The last packet sent successfully to the server was 1,023,708 milliseconds ago.]
com.mysql.jdbc.exceptions.jdbc4.CommunicationsException: Communications link failure

The last packet successfully received from the server was 1,023,709 milliseconds ago.  The last packet sent successfully to the server was 1,023,708 milliseconds ago.
	at sun.reflect.NativeConstructorAccessorImpl.newInstance0(Native Method) ~[?:1.8.0_201]
	at sun.reflect.NativeConstructorAccessorImpl.newInstance(NativeConstructorAccessorImpl.java:62) ~[?:1.8.0_201]
	at sun.reflect.DelegatingConstructorAccessorImpl.newInstance(DelegatingConstructorAccessorImpl.java:45) ~[?:1.8.0_201]
	at java.lang.reflect.Constructor.newInstance(Constructor.java:423) ~[?:1.8.0_201]
	at com.mysql.jdbc.Util.handleNewInstance(Util.java:425) ~[mysql-connector-java-5.1.46.jar:5.1.46]
	at com.mysql.jdbc.SQLError.createCommunicationsException(SQLError.java:990) ~[mysql-connector-java-5.1.46.jar:5.1.46]
	at com.mysql.jdbc.MysqlIO.reuseAndReadPacket(MysqlIO.java:3562) ~[mysql-connector-java-5.1.46.jar:5.1.46]
	at com.mysql.jdbc.MysqlIO.reuseAndReadPacket(MysqlIO.java:3462) ~[mysql-connector-java-5.1.46.jar:5.1.46]
	at com.mysql.jdbc.MysqlIO.checkErrorPacket(MysqlIO.java:3903) ~[mysql-connector-java-5.1.46.jar:5.1.46]
	at com.mysql.jdbc.MysqlIO.sendCommand(MysqlIO.java:2530) ~[mysql-connector-java-5.1.46.jar:5.1.46]
	at com.mysql.jdbc.MysqlIO.sqlQueryDirect(MysqlIO.java:2683) ~[mysql-connector-java-5.1.46.jar:5.1.46]
	at com.mysql.jdbc.ConnectionImpl.execSQL(ConnectionImpl.java:2486) ~[mysql-connector-java-5.1.46.jar:5.1.46]
	at com.mysql.jdbc.PreparedStatement.executeInternal(PreparedStatement.java:1858) ~[mysql-connector-java-5.1.46.jar:5.1.46]
	at com.mysql.jdbc.PreparedStatement.executeQuery(PreparedStatement.java:1966) ~[mysql-connector-java-5.1.46.jar:5.1.46]
	at org.apache.commons.dbcp2.DelegatingPreparedStatement.executeQuery(DelegatingPreparedStatement.java:82) ~[commons-dbcp2-2.2.0.jar:2.2.0]
	at org.apache.commons.dbcp2.DelegatingPreparedStatement.executeQuery(DelegatingPreparedStatement.java:82) ~[commons-dbcp2-2.2.0.jar:2.2.0]
	at cl.mobid.service.security.dao.UserDao.findByUsername(UserDao.java:36) [security-0.0.1-SNAPSHOT.jar:?]
	at cl.mobid.service.security.service.UserDetailsServiceImpl.loadUserByUsername(UserDetailsServiceImpl.java:19) [security-0.0.1-SNAPSHOT.jar:?]
	at org.springframework.security.authentication.dao.DaoAuthenticationProvider.retrieveUser(DaoAuthenticationProvider.java:104) [spring-security-core-5.0.5.RELEASE.jar:5.0.5.RELEASE]
	at org.springframework.security.authentication.dao.AbstractUserDetailsAuthenticationProvider.authenticate(AbstractUserDetailsAuthenticationProvider.java:144) [spring-security-core-5.0.5.RELEASE.jar:5.0.5.RELEASE]
	at org.springframework.security.authentication.ProviderManager.authenticate(ProviderManager.java:174) [spring-security-core-5.0.5.RELEASE.jar:5.0.5.RELEASE]
	at org.springframework.security.authentication.ProviderManager.authenticate(ProviderManager.java:199) [spring-security-core-5.0.5.RELEASE.jar:5.0.5.RELEASE]
	at org.springframework.security.config.annotation.web.configuration.WebSecurityConfigurerAdapter$AuthenticationManagerDelegator.authenticate(WebSecurityConfigurerAdapter.java:502) [spring-security-config-5.0.5.RELEASE.jar:5.0.5.RELEASE]
	at cl.mobid.service.account.controller.AuthenticationController.authenticate(AuthenticationController.java:123) [classes/:0.0.1-SNAPSHOT]
	at cl.mobid.service.account.controller.AuthenticationController.createAuthenticationToken(AuthenticationController.java:59) [classes/:0.0.1-SNAPSHOT]
	at sun.reflect.NativeMethodAccessorImpl.invoke0(Native Method) ~[?:1.8.0_201]
	at sun.reflect.NativeMethodAccessorImpl.invoke(NativeMethodAccessorImpl.java:62) ~[?:1.8.0_201]
	at sun.reflect.DelegatingMethodAccessorImpl.invoke(DelegatingMethodAccessorImpl.java:43) ~[?:1.8.0_201]
	at java.lang.reflect.Method.invoke(Method.java:498) ~[?:1.8.0_201]
	at org.springframework.web.method.support.InvocableHandlerMethod.doInvoke(InvocableHandlerMethod.java:209) [spring-web-5.0.6.RELEASE.jar:5.0.6.RELEASE]
	at org.springframework.web.method.support.InvocableHandlerMethod.invokeForRequest(InvocableHandlerMethod.java:136) [spring-web-5.0.6.RELEASE.jar:5.0.6.RELEASE]
	at org.springframework.web.servlet.mvc.method.annotation.ServletInvocableHandlerMethod.invokeAndHandle(ServletInvocableHandlerMethod.java:102) [spring-webmvc-5.0.6.RELEASE.jar:5.0.6.RELEASE]
	at org.springframework.web.servlet.mvc.method.annotation.RequestMappingHandlerAdapter.invokeHandlerMethod(RequestMappingHandlerAdapter.java:877) [spring-webmvc-5.0.6.RELEASE.jar:5.0.6.RELEASE]
	at org.springframework.web.servlet.mvc.method.annotation.RequestMappingHandlerAdapter.handleInternal(RequestMappingHandlerAdapter.java:783) [spring-webmvc-5.0.6.RELEASE.jar:5.0.6.RELEASE]
	at org.springframework.web.servlet.mvc.method.AbstractHandlerMethodAdapter.handle(AbstractHandlerMethodAdapter.java:87) [spring-webmvc-5.0.6.RELEASE.jar:5.0.6.RELEASE]
	at org.springframework.web.servlet.DispatcherServlet.doDispatch(DispatcherServlet.java:991) [spring-webmvc-5.0.6.RELEASE.jar:5.0.6.RELEASE]
	at org.springframework.web.servlet.DispatcherServlet.doService(DispatcherServlet.java:925) [spring-webmvc-5.0.6.RELEASE.jar:5.0.6.RELEASE]
	at org.springframework.web.servlet.FrameworkServlet.processRequest(FrameworkServlet.java:974) [spring-webmvc-5.0.6.RELEASE.jar:5.0.6.RELEASE]
	at org.springframework.web.servlet.FrameworkServlet.doPost(FrameworkServlet.java:877) [spring-webmvc-5.0.6.RELEASE.jar:5.0.6.RELEASE]
	at javax.servlet.http.HttpServlet.service(HttpServlet.java:661) [servlet-api.jar:?]
	at org.springframework.web.servlet.FrameworkServlet.service(FrameworkServlet.java:851) [spring-webmvc-5.0.6.RELEASE.jar:5.0.6.RELEASE]
	at javax.servlet.http.HttpServlet.service(HttpServlet.java:742) [servlet-api.jar:?]
	at org.apache.catalina.core.ApplicationFilterChain.internalDoFilter(ApplicationFilterChain.java:231) [catalina.jar:8.5.34]
	at org.apache.catalina.core.ApplicationFilterChain.doFilter(ApplicationFilterChain.java:166) [catalina.jar:8.5.34]
	at org.apache.tomcat.websocket.server.WsFilter.doFilter(WsFilter.java:52) [tomcat-websocket.jar:8.5.34]
	at org.apache.catalina.core.ApplicationFilterChain.internalDoFilter(ApplicationFilterChain.java:193) [catalina.jar:8.5.34]
	at org.apache.catalina.core.ApplicationFilterChain.doFilter(ApplicationFilterChain.java:166) [catalina.jar:8.5.34]
	at org.springframework.web.filter.OncePerRequestFilter.doFilter(OncePerRequestFilter.java:101) [spring-web-5.0.6.RELEASE.jar:5.0.6.RELEASE]
	at org.apache.catalina.core.ApplicationFilterChain.internalDoFilter(ApplicationFilterChain.java:193) [catalina.jar:8.5.34]
	at org.apache.catalina.core.ApplicationFilterChain.doFilter(ApplicationFilterChain.java:166) [catalina.jar:8.5.34]
	at org.springframework.security.web.FilterChainProxy$VirtualFilterChain.doFilter(FilterChainProxy.java:320) [spring-security-web-5.0.5.RELEASE.jar:5.0.5.RELEASE]
	at org.springframework.security.web.access.intercept.FilterSecurityInterceptor.invoke(FilterSecurityInterceptor.java:127) [spring-security-web-5.0.5.RELEASE.jar:5.0.5.RELEASE]
	at org.springframework.security.web.access.intercept.FilterSecurityInterceptor.doFilter(FilterSecurityInterceptor.java:91) [spring-security-web-5.0.5.RELEASE.jar:5.0.5.RELEASE]
	at org.springframework.security.web.FilterChainProxy$VirtualFilterChain.doFilter(FilterChainProxy.java:334) [spring-security-web-5.0.5.RELEASE.jar:5.0.5.RELEASE]
	at org.springframework.security.web.access.ExceptionTranslationFilter.doFilter(ExceptionTranslationFilter.java:119) [spring-security-web-5.0.5.RELEASE.jar:5.0.5.RELEASE]
	at org.springframework.security.web.FilterChainProxy$VirtualFilterChain.doFilter(FilterChainProxy.java:334) [spring-security-web-5.0.5.RELEASE.jar:5.0.5.RELEASE]
	at org.springframework.security.web.session.SessionManagementFilter.doFilter(SessionManagementFilter.java:137) [spring-security-web-5.0.5.RELEASE.jar:5.0.5.RELEASE]
	at org.springframework.security.web.FilterChainProxy$VirtualFilterChain.doFilter(FilterChainProxy.java:334) [spring-security-web-5.0.5.RELEASE.jar:5.0.5.RELEASE]
	at org.springframework.security.web.authentication.AnonymousAuthenticationFilter.doFilter(AnonymousAuthenticationFilter.java:111) [spring-security-web-5.0.5.RELEASE.jar:5.0.5.RELEASE]
	at org.springframework.security.web.FilterChainProxy$VirtualFilterChain.doFilter(FilterChainProxy.java:334) [spring-security-web-5.0.5.RELEASE.jar:5.0.5.RELEASE]
	at org.springframework.security.web.servletapi.SecurityContextHolderAwareRequestFilter.doFilter(SecurityContextHolderAwareRequestFilter.java:170) [spring-security-web-5.0.5.RELEASE.jar:5.0.5.RELEASE]
	at org.springframework.security.web.FilterChainProxy$VirtualFilterChain.doFilter(FilterChainProxy.java:334) [spring-security-web-5.0.5.RELEASE.jar:5.0.5.RELEASE]
	at org.springframework.security.web.savedrequest.RequestCacheAwareFilter.doFilter(RequestCacheAwareFilter.java:63) [spring-security-web-5.0.5.RELEASE.jar:5.0.5.RELEASE]
	at org.springframework.security.web.FilterChainProxy$VirtualFilterChain.doFilter(FilterChainProxy.java:334) [spring-security-web-5.0.5.RELEASE.jar:5.0.5.RELEASE]
	at cl.mobid.service.account.config.AuthorizationTokenFilter.doFilterInternal(AuthorizationTokenFilter.java:60) [classes/:0.0.1-SNAPSHOT]
	at org.springframework.web.filter.OncePerRequestFilter.doFilter(OncePerRequestFilter.java:107) [spring-web-5.0.6.RELEASE.jar:5.0.6.RELEASE]
	at org.springframework.security.web.FilterChainProxy$VirtualFilterChain.doFilter(FilterChainProxy.java:334) [spring-security-web-5.0.5.RELEASE.jar:5.0.5.RELEASE]
	at org.springframework.security.web.authentication.logout.LogoutFilter.doFilter(LogoutFilter.java:116) [spring-security-web-5.0.5.RELEASE.jar:5.0.5.RELEASE]
	at org.springframework.security.web.FilterChainProxy$VirtualFilterChain.doFilter(FilterChainProxy.java:334) [spring-security-web-5.0.5.RELEASE.jar:5.0.5.RELEASE]
	at org.springframework.web.filter.CorsFilter.doFilterInternal(CorsFilter.java:96) [spring-web-5.0.6.RELEASE.jar:5.0.6.RELEASE]
	at org.springframework.web.filter.OncePerRequestFilter.doFilter(OncePerRequestFilter.java:107) [spring-web-5.0.6.RELEASE.jar:5.0.6.RELEASE]
	at org.springframework.security.web.FilterChainProxy$VirtualFilterChain.doFilter(FilterChainProxy.java:334) [spring-security-web-5.0.5.RELEASE.jar:5.0.5.RELEASE]
	at org.springframework.security.web.header.HeaderWriterFilter.doFilterInternal(HeaderWriterFilter.java:66) [spring-security-web-5.0.5.RELEASE.jar:5.0.5.RELEASE]
	at org.springframework.web.filter.OncePerRequestFilter.doFilter(OncePerRequestFilter.java:107) [spring-web-5.0.6.RELEASE.jar:5.0.6.RELEASE]
	at org.springframework.security.web.FilterChainProxy$VirtualFilterChain.doFilter(FilterChainProxy.java:334) [spring-security-web-5.0.5.RELEASE.jar:5.0.5.RELEASE]
	at org.springframework.security.web.context.SecurityContextPersistenceFilter.doFilter(SecurityContextPersistenceFilter.java:105) [spring-security-web-5.0.5.RELEASE.jar:5.0.5.RELEASE]
	at org.springframework.security.web.FilterChainProxy$VirtualFilterChain.doFilter(FilterChainProxy.java:334) [spring-security-web-5.0.5.RELEASE.jar:5.0.5.RELEASE]
	at org.springframework.security.web.context.request.async.WebAsyncManagerIntegrationFilter.doFilterInternal(WebAsyncManagerIntegrationFilter.java:56) [spring-security-web-5.0.5.RELEASE.jar:5.0.5.RELEASE]
	at org.springframework.web.filter.OncePerRequestFilter.doFilter(OncePerRequestFilter.java:107) [spring-web-5.0.6.RELEASE.jar:5.0.6.RELEASE]
	at org.springframework.security.web.FilterChainProxy$VirtualFilterChain.doFilter(FilterChainProxy.java:334) [spring-security-web-5.0.5.RELEASE.jar:5.0.5.RELEASE]
	at org.springframework.security.web.FilterChainProxy.doFilterInternal(FilterChainProxy.java:215) [spring-security-web-5.0.5.RELEASE.jar:5.0.5.RELEASE]
	at org.springframework.security.web.FilterChainProxy.doFilter(FilterChainProxy.java:178) [spring-security-web-5.0.5.RELEASE.jar:5.0.5.RELEASE]
	at org.springframework.web.filter.DelegatingFilterProxy.invokeDelegate(DelegatingFilterProxy.java:357) [spring-web-5.0.6.RELEASE.jar:5.0.6.RELEASE]
	at org.springframework.web.filter.DelegatingFilterProxy.doFilter(DelegatingFilterProxy.java:270) [spring-web-5.0.6.RELEASE.jar:5.0.6.RELEASE]
	at org.apache.catalina.core.ApplicationFilterChain.internalDoFilter(ApplicationFilterChain.java:193) [catalina.jar:8.5.34]
	at org.apache.catalina.core.ApplicationFilterChain.doFilter(ApplicationFilterChain.java:166) [catalina.jar:8.5.34]
	at org.springframework.web.filter.RequestContextFilter.doFilterInternal(RequestContextFilter.java:99) [spring-web-5.0.6.RELEASE.jar:5.0.6.RELEASE]
	at org.springframework.web.filter.OncePerRequestFilter.doFilter(OncePerRequestFilter.java:107) [spring-web-5.0.6.RELEASE.jar:5.0.6.RELEASE]
	at org.apache.catalina.core.ApplicationFilterChain.internalDoFilter(ApplicationFilterChain.java:193) [catalina.jar:8.5.34]
	at org.apache.catalina.core.ApplicationFilterChain.doFilter(ApplicationFilterChain.java:166) [catalina.jar:8.5.34]
	at org.springframework.web.filter.HttpPutFormContentFilter.doFilterInternal(HttpPutFormContentFilter.java:109) [spring-web-5.0.6.RELEASE.jar:5.0.6.RELEASE]
	at org.springframework.web.filter.OncePerRequestFilter.doFilter(OncePerRequestFilter.java:107) [spring-web-5.0.6.RELEASE.jar:5.0.6.RELEASE]
	at org.apache.catalina.core.ApplicationFilterChain.internalDoFilter(ApplicationFilterChain.java:193) [catalina.jar:8.5.34]
	at org.apache.catalina.core.ApplicationFilterChain.doFilter(ApplicationFilterChain.java:166) [catalina.jar:8.5.34]
	at org.springframework.web.filter.HiddenHttpMethodFilter.doFilterInternal(HiddenHttpMethodFilter.java:81) [spring-web-5.0.6.RELEASE.jar:5.0.6.RELEASE]
	at org.springframework.web.filter.OncePerRequestFilter.doFilter(OncePerRequestFilter.java:107) [spring-web-5.0.6.RELEASE.jar:5.0.6.RELEASE]
	at org.apache.catalina.core.ApplicationFilterChain.internalDoFilter(ApplicationFilterChain.java:193) [catalina.jar:8.5.34]
	at org.apache.catalina.core.ApplicationFilterChain.doFilter(ApplicationFilterChain.java:166) [catalina.jar:8.5.34]
	at org.springframework.boot.web.servlet.support.ErrorPageFilter.doFilter(ErrorPageFilter.java:117) [spring-boot-2.0.2.RELEASE.jar:2.0.2.RELEASE]
	at org.springframework.boot.web.servlet.support.ErrorPageFilter.access$000(ErrorPageFilter.java:61) [spring-boot-2.0.2.RELEASE.jar:2.0.2.RELEASE]
	at org.springframework.boot.web.servlet.support.ErrorPageFilter$1.doFilterInternal(ErrorPageFilter.java:92) [spring-boot-2.0.2.RELEASE.jar:2.0.2.RELEASE]
	at org.springframework.web.filter.OncePerRequestFilter.doFilter(OncePerRequestFilter.java:107) [spring-web-5.0.6.RELEASE.jar:5.0.6.RELEASE]
	at org.springframework.boot.web.servlet.support.ErrorPageFilter.doFilter(ErrorPageFilter.java:110) [spring-boot-2.0.2.RELEASE.jar:2.0.2.RELEASE]
	at org.apache.catalina.core.ApplicationFilterChain.internalDoFilter(ApplicationFilterChain.java:193) [catalina.jar:8.5.34]
	at org.apache.catalina.core.ApplicationFilterChain.doFilter(ApplicationFilterChain.java:166) [catalina.jar:8.5.34]
	at org.springframework.web.filter.CharacterEncodingFilter.doFilterInternal(CharacterEncodingFilter.java:200) [spring-web-5.0.6.RELEASE.jar:5.0.6.RELEASE]
	at org.springframework.web.filter.OncePerRequestFilter.doFilter(OncePerRequestFilter.java:107) [spring-web-5.0.6.RELEASE.jar:5.0.6.RELEASE]
	at org.apache.catalina.core.ApplicationFilterChain.internalDoFilter(ApplicationFilterChain.java:193) [catalina.jar:8.5.34]
	at org.apache.catalina.core.ApplicationFilterChain.doFilter(ApplicationFilterChain.java:166) [catalina.jar:8.5.34]
	at org.apache.catalina.core.StandardWrapperValve.invoke(StandardWrapperValve.java:198) [catalina.jar:8.5.34]
	at org.apache.catalina.core.StandardContextValve.invoke(StandardContextValve.java:96) [catalina.jar:8.5.34]
	at org.apache.catalina.authenticator.AuthenticatorBase.invoke(AuthenticatorBase.java:493) [catalina.jar:8.5.34]
	at org.apache.catalina.core.StandardHostValve.invoke(StandardHostValve.java:140) [catalina.jar:8.5.34]
	at org.apache.catalina.valves.ErrorReportValve.invoke(ErrorReportValve.java:81) [catalina.jar:8.5.34]
	at org.apache.catalina.valves.AbstractAccessLogValve.invoke(AbstractAccessLogValve.java:650) [catalina.jar:8.5.34]
	at org.apache.catalina.core.StandardEngineValve.invoke(StandardEngineValve.java:87) [catalina.jar:8.5.34]
	at org.apache.catalina.connector.CoyoteAdapter.service(CoyoteAdapter.java:342) [catalina.jar:8.5.34]
	at org.apache.coyote.http11.Http11Processor.service(Http11Processor.java:800) [tomcat-coyote.jar:8.5.34]
	at org.apache.coyote.AbstractProcessorLight.process(AbstractProcessorLight.java:66) [tomcat-coyote.jar:8.5.34]
	at org.apache.coyote.AbstractProtocol$ConnectionHandler.process(AbstractProtocol.java:806) [tomcat-coyote.jar:8.5.34]
	at org.apache.tomcat.util.net.NioEndpoint$SocketProcessor.doRun(NioEndpoint.java:1498) [tomcat-coyote.jar:8.5.34]
	at org.apache.tomcat.util.net.SocketProcessorBase.run(SocketProcessorBase.java:49) [tomcat-coyote.jar:8.5.34]
	at java.util.concurrent.ThreadPoolExecutor.runWorker(ThreadPoolExecutor.java:1149) [?:1.8.0_201]
	at java.util.concurrent.ThreadPoolExecutor$Worker.run(ThreadPoolExecutor.java:624) [?:1.8.0_201]
	at org.apache.tomcat.util.threads.TaskThread$WrappingRunnable.run(TaskThread.java:61) [tomcat-util.jar:8.5.34]
	at java.lang.Thread.run(Thread.java:748) [?:1.8.0_201]
Caused by: java.net.SocketException: Connection timed out (Read failed)
	at java.net.SocketInputStream.socketRead0(Native Method) ~[?:1.8.0_201]
	at java.net.SocketInputStream.socketRead(SocketInputStream.java:116) ~[?:1.8.0_201]
	at java.net.SocketInputStream.read(SocketInputStream.java:171) ~[?:1.8.0_201]
	at java.net.SocketInputStream.read(SocketInputStream.java:141) ~[?:1.8.0_201]
	at com.mysql.jdbc.util.ReadAheadInputStream.fill(ReadAheadInputStream.java:101) ~[mysql-connector-java-5.1.46.jar:5.1.46]
	at com.mysql.jdbc.util.ReadAheadInputStream.readFromUnderlyingStreamIfNecessary(ReadAheadInputStream.java:144) ~[mysql-connector-java-5.1.46.jar:5.1.46]
	at com.mysql.jdbc.util.ReadAheadInputStream.read(ReadAheadInputStream.java:174) ~[mysql-connector-java-5.1.46.jar:5.1.46]
	at com.mysql.jdbc.MysqlIO.readFully(MysqlIO.java:3011) ~[mysql-connector-java-5.1.46.jar:5.1.46]
	at com.mysql.jdbc.MysqlIO.reuseAndReadPacket(MysqlIO.java:3472) ~[mysql-connector-java-5.1.46.jar:5.1.46]
	... 119 more
[2019-02-11 10:37:51.520] - [ERROR] - [AccountDetailsDao] - msg:[ERROR SQL AL OBTENER DATOS DE USUARIO]
[2019-02-11 10:37:52.933] - [ERROR] - [AccountDetailsDao] - msg:[ERROR SQL AL OBTENER DATOS DE USUARIO]
[2019-02-11 11:13:46.633] - [ERROR] - [AccountDetailsDao] - msg:[ERROR SQL AL OBTENER DATOS DE USUARIO]
[2019-02-11 12:04:36.629] - [INFO] - [InitBean] - msg:[Aplicacion Detenida]
[2019-02-11 12:43:54.180] - [INFO] - [AccountApplication] - msg:[Starting AccountApplication v0.0.1-SNAPSHOT on bquiroz with PID 14566 (/opt/tomcat/webapps/account/WEB-INF/classes started by tomcat in /)]
[2019-02-11 12:43:54.208] - [DEBUG] - [AccountApplication] - msg:[Running with Spring Boot v2.0.2.RELEASE, Spring v5.0.6.RELEASE]
[2019-02-11 12:43:54.229] - [INFO] - [AccountApplication] - msg:[No active profile set, falling back to default profiles: default]
[2019-02-11 12:44:02.099] - [INFO] - [WebSecurityConfig$$EnhancerBySpringCGLIB$$87f832f7] - msg:[Se agrega cors domain: http://vpetrel.mobid.cl]
[2019-02-11 12:44:02.215] - [INFO] - [InitBean] - msg:[Aplicacion inicializada]
[2019-02-11 12:44:02.216] - [INFO] - [InitBean] - msg:[Location Properties: /home/appmobid/apps/tomcat/account/properties/]
[2019-02-11 12:44:02.218] - [DEBUG] - [PropertiesConfig] - msg:[set pathProperty: /home/appmobid/apps/tomcat/account/properties/]
[2019-02-11 12:44:02.218] - [DEBUG] - [PropertiesConfig] - msg:[set path: /home/appmobid/apps/tomcat/account/properties/msg.properties]
[2019-02-11 12:44:02.235] - [DEBUG] - [PropertiesConfig] - msg:[set path: /home/appmobid/apps/tomcat/account/properties/config.properties]
[2019-02-11 12:44:02.279] - [INFO] - [PoolConectionConfig] - msg:[Url Base de datos: jdbc:mysql://10.142.0.4:3306/mcs_master_proyect]
[2019-02-11 12:44:04.375] - [INFO] - [AccountApplication] - msg:[Started AccountApplication in 11.564 seconds (JVM running for 21.657)]
[2019-02-11 12:44:04.425] - [DEBUG] - [AuthorizationTokenFilter] - msg:[Initializing filter 'authorizationTokenFilter']
[2019-02-11 12:44:04.426] - [DEBUG] - [AuthorizationTokenFilter] - msg:[Filter 'authorizationTokenFilter' configured successfully]
[2019-02-11 12:45:34.441] - [ERROR] - [AccountDetailsDao] - msg:[ERROR SQL AL OBTENER DATOS DE USUARIO]
[2019-02-11 13:00:55.569] - [INFO] - [InitBean] - msg:[Aplicacion Detenida]
[2019-02-11 13:04:13.063] - [INFO] - [AccountApplication] - msg:[Starting AccountApplication v0.0.1-SNAPSHOT on bquiroz with PID 15776 (/opt/tomcat/webapps/account/WEB-INF/classes started by tomcat in /)]
[2019-02-11 13:04:13.091] - [DEBUG] - [AccountApplication] - msg:[Running with Spring Boot v2.0.2.RELEASE, Spring v5.0.6.RELEASE]
[2019-02-11 13:04:13.111] - [INFO] - [AccountApplication] - msg:[No active profile set, falling back to default profiles: default]
[2019-02-11 13:04:21.408] - [INFO] - [WebSecurityConfig$$EnhancerBySpringCGLIB$$c6d2e22d] - msg:[Se agrega cors domain: http://vpetrel.mobid.cl]
[2019-02-11 13:04:21.543] - [INFO] - [InitBean] - msg:[Aplicacion inicializada]
[2019-02-11 13:04:21.544] - [INFO] - [InitBean] - msg:[Location Properties: /home/appmobid/apps/tomcat/account/properties/]
[2019-02-11 13:04:21.546] - [DEBUG] - [PropertiesConfig] - msg:[set pathProperty: /home/appmobid/apps/tomcat/account/properties/]
[2019-02-11 13:04:21.546] - [DEBUG] - [PropertiesConfig] - msg:[set path: /home/appmobid/apps/tomcat/account/properties/msg.properties]
[2019-02-11 13:04:21.546] - [DEBUG] - [PropertiesConfig] - msg:[set path: /home/appmobid/apps/tomcat/account/properties/config.properties]
[2019-02-11 13:04:21.559] - [INFO] - [PoolConectionConfig] - msg:[Url Base de datos: jdbc:mysql://10.142.0.4:3306/mcs_master_proyect]
[2019-02-11 13:04:23.409] - [INFO] - [AccountApplication] - msg:[Started AccountApplication in 12.019 seconds (JVM running for 18.73)]
[2019-02-11 13:04:23.432] - [DEBUG] - [AuthorizationTokenFilter] - msg:[Initializing filter 'authorizationTokenFilter']
[2019-02-11 13:04:23.433] - [DEBUG] - [AuthorizationTokenFilter] - msg:[Filter 'authorizationTokenFilter' configured successfully]
[2019-02-11 13:11:16.225] - [ERROR] - [AccountDetailsDao] - msg:[ERROR SQL AL OBTENER DATOS DE USUARIO]
[2019-02-11 15:30:36.817] - [ERROR] - [AccountDetailsDao] - msg:[ERROR SQL AL OBTENER DATOS DE USUARIO]
[2019-02-11 15:45:03.847] - [ERROR] - [UserDao] - msg:[Communications link failure

The last packet successfully received from the server was 1,027,410 milliseconds ago.  The last packet sent successfully to the server was 1,027,409 milliseconds ago.]
com.mysql.jdbc.exceptions.jdbc4.CommunicationsException: Communications link failure

The last packet successfully received from the server was 1,027,410 milliseconds ago.  The last packet sent successfully to the server was 1,027,409 milliseconds ago.
	at sun.reflect.NativeConstructorAccessorImpl.newInstance0(Native Method) ~[?:1.8.0_201]
	at sun.reflect.NativeConstructorAccessorImpl.newInstance(NativeConstructorAccessorImpl.java:62) ~[?:1.8.0_201]
	at sun.reflect.DelegatingConstructorAccessorImpl.newInstance(DelegatingConstructorAccessorImpl.java:45) ~[?:1.8.0_201]
	at java.lang.reflect.Constructor.newInstance(Constructor.java:423) ~[?:1.8.0_201]
	at com.mysql.jdbc.Util.handleNewInstance(Util.java:425) ~[mysql-connector-java-5.1.46.jar:5.1.46]
	at com.mysql.jdbc.SQLError.createCommunicationsException(SQLError.java:990) ~[mysql-connector-java-5.1.46.jar:5.1.46]
	at com.mysql.jdbc.MysqlIO.reuseAndReadPacket(MysqlIO.java:3562) ~[mysql-connector-java-5.1.46.jar:5.1.46]
	at com.mysql.jdbc.MysqlIO.reuseAndReadPacket(MysqlIO.java:3462) ~[mysql-connector-java-5.1.46.jar:5.1.46]
	at com.mysql.jdbc.MysqlIO.checkErrorPacket(MysqlIO.java:3903) ~[mysql-connector-java-5.1.46.jar:5.1.46]
	at com.mysql.jdbc.MysqlIO.sendCommand(MysqlIO.java:2530) ~[mysql-connector-java-5.1.46.jar:5.1.46]
	at com.mysql.jdbc.MysqlIO.sqlQueryDirect(MysqlIO.java:2683) ~[mysql-connector-java-5.1.46.jar:5.1.46]
	at com.mysql.jdbc.ConnectionImpl.execSQL(ConnectionImpl.java:2486) ~[mysql-connector-java-5.1.46.jar:5.1.46]
	at com.mysql.jdbc.PreparedStatement.executeInternal(PreparedStatement.java:1858) ~[mysql-connector-java-5.1.46.jar:5.1.46]
	at com.mysql.jdbc.PreparedStatement.executeQuery(PreparedStatement.java:1966) ~[mysql-connector-java-5.1.46.jar:5.1.46]
	at org.apache.commons.dbcp2.DelegatingPreparedStatement.executeQuery(DelegatingPreparedStatement.java:82) ~[commons-dbcp2-2.2.0.jar:2.2.0]
	at org.apache.commons.dbcp2.DelegatingPreparedStatement.executeQuery(DelegatingPreparedStatement.java:82) ~[commons-dbcp2-2.2.0.jar:2.2.0]
	at cl.mobid.service.security.dao.UserDao.findByUsername(UserDao.java:36) [security-0.0.1-SNAPSHOT.jar:?]
	at cl.mobid.service.security.service.UserDetailsServiceImpl.loadUserByUsername(UserDetailsServiceImpl.java:19) [security-0.0.1-SNAPSHOT.jar:?]
	at org.springframework.security.authentication.dao.DaoAuthenticationProvider.retrieveUser(DaoAuthenticationProvider.java:104) [spring-security-core-5.0.5.RELEASE.jar:5.0.5.RELEASE]
	at org.springframework.security.authentication.dao.AbstractUserDetailsAuthenticationProvider.authenticate(AbstractUserDetailsAuthenticationProvider.java:144) [spring-security-core-5.0.5.RELEASE.jar:5.0.5.RELEASE]
	at org.springframework.security.authentication.ProviderManager.authenticate(ProviderManager.java:174) [spring-security-core-5.0.5.RELEASE.jar:5.0.5.RELEASE]
	at org.springframework.security.authentication.ProviderManager.authenticate(ProviderManager.java:199) [spring-security-core-5.0.5.RELEASE.jar:5.0.5.RELEASE]
	at org.springframework.security.config.annotation.web.configuration.WebSecurityConfigurerAdapter$AuthenticationManagerDelegator.authenticate(WebSecurityConfigurerAdapter.java:502) [spring-security-config-5.0.5.RELEASE.jar:5.0.5.RELEASE]
	at cl.mobid.service.account.controller.AuthenticationController.authenticate(AuthenticationController.java:123) [classes/:0.0.1-SNAPSHOT]
	at cl.mobid.service.account.controller.AuthenticationController.createAuthenticationToken(AuthenticationController.java:59) [classes/:0.0.1-SNAPSHOT]
	at sun.reflect.NativeMethodAccessorImpl.invoke0(Native Method) ~[?:1.8.0_201]
	at sun.reflect.NativeMethodAccessorImpl.invoke(NativeMethodAccessorImpl.java:62) ~[?:1.8.0_201]
	at sun.reflect.DelegatingMethodAccessorImpl.invoke(DelegatingMethodAccessorImpl.java:43) ~[?:1.8.0_201]
	at java.lang.reflect.Method.invoke(Method.java:498) ~[?:1.8.0_201]
	at org.springframework.web.method.support.InvocableHandlerMethod.doInvoke(InvocableHandlerMethod.java:209) [spring-web-5.0.6.RELEASE.jar:5.0.6.RELEASE]
	at org.springframework.web.method.support.InvocableHandlerMethod.invokeForRequest(InvocableHandlerMethod.java:136) [spring-web-5.0.6.RELEASE.jar:5.0.6.RELEASE]
	at org.springframework.web.servlet.mvc.method.annotation.ServletInvocableHandlerMethod.invokeAndHandle(ServletInvocableHandlerMethod.java:102) [spring-webmvc-5.0.6.RELEASE.jar:5.0.6.RELEASE]
	at org.springframework.web.servlet.mvc.method.annotation.RequestMappingHandlerAdapter.invokeHandlerMethod(RequestMappingHandlerAdapter.java:877) [spring-webmvc-5.0.6.RELEASE.jar:5.0.6.RELEASE]
	at org.springframework.web.servlet.mvc.method.annotation.RequestMappingHandlerAdapter.handleInternal(RequestMappingHandlerAdapter.java:783) [spring-webmvc-5.0.6.RELEASE.jar:5.0.6.RELEASE]
	at org.springframework.web.servlet.mvc.method.AbstractHandlerMethodAdapter.handle(AbstractHandlerMethodAdapter.java:87) [spring-webmvc-5.0.6.RELEASE.jar:5.0.6.RELEASE]
	at org.springframework.web.servlet.DispatcherServlet.doDispatch(DispatcherServlet.java:991) [spring-webmvc-5.0.6.RELEASE.jar:5.0.6.RELEASE]
	at org.springframework.web.servlet.DispatcherServlet.doService(DispatcherServlet.java:925) [spring-webmvc-5.0.6.RELEASE.jar:5.0.6.RELEASE]
	at org.springframework.web.servlet.FrameworkServlet.processRequest(FrameworkServlet.java:974) [spring-webmvc-5.0.6.RELEASE.jar:5.0.6.RELEASE]
	at org.springframework.web.servlet.FrameworkServlet.doPost(FrameworkServlet.java:877) [spring-webmvc-5.0.6.RELEASE.jar:5.0.6.RELEASE]
	at javax.servlet.http.HttpServlet.service(HttpServlet.java:661) [servlet-api.jar:?]
	at org.springframework.web.servlet.FrameworkServlet.service(FrameworkServlet.java:851) [spring-webmvc-5.0.6.RELEASE.jar:5.0.6.RELEASE]
	at javax.servlet.http.HttpServlet.service(HttpServlet.java:742) [servlet-api.jar:?]
	at org.apache.catalina.core.ApplicationFilterChain.internalDoFilter(ApplicationFilterChain.java:231) [catalina.jar:8.5.34]
	at org.apache.catalina.core.ApplicationFilterChain.doFilter(ApplicationFilterChain.java:166) [catalina.jar:8.5.34]
	at org.apache.tomcat.websocket.server.WsFilter.doFilter(WsFilter.java:52) [tomcat-websocket.jar:8.5.34]
	at org.apache.catalina.core.ApplicationFilterChain.internalDoFilter(ApplicationFilterChain.java:193) [catalina.jar:8.5.34]
	at org.apache.catalina.core.ApplicationFilterChain.doFilter(ApplicationFilterChain.java:166) [catalina.jar:8.5.34]
	at org.springframework.web.filter.OncePerRequestFilter.doFilter(OncePerRequestFilter.java:101) [spring-web-5.0.6.RELEASE.jar:5.0.6.RELEASE]
	at org.apache.catalina.core.ApplicationFilterChain.internalDoFilter(ApplicationFilterChain.java:193) [catalina.jar:8.5.34]
	at org.apache.catalina.core.ApplicationFilterChain.doFilter(ApplicationFilterChain.java:166) [catalina.jar:8.5.34]
	at org.springframework.security.web.FilterChainProxy$VirtualFilterChain.doFilter(FilterChainProxy.java:320) [spring-security-web-5.0.5.RELEASE.jar:5.0.5.RELEASE]
	at org.springframework.security.web.access.intercept.FilterSecurityInterceptor.invoke(FilterSecurityInterceptor.java:127) [spring-security-web-5.0.5.RELEASE.jar:5.0.5.RELEASE]
	at org.springframework.security.web.access.intercept.FilterSecurityInterceptor.doFilter(FilterSecurityInterceptor.java:91) [spring-security-web-5.0.5.RELEASE.jar:5.0.5.RELEASE]
	at org.springframework.security.web.FilterChainProxy$VirtualFilterChain.doFilter(FilterChainProxy.java:334) [spring-security-web-5.0.5.RELEASE.jar:5.0.5.RELEASE]
	at org.springframework.security.web.access.ExceptionTranslationFilter.doFilter(ExceptionTranslationFilter.java:119) [spring-security-web-5.0.5.RELEASE.jar:5.0.5.RELEASE]
	at org.springframework.security.web.FilterChainProxy$VirtualFilterChain.doFilter(FilterChainProxy.java:334) [spring-security-web-5.0.5.RELEASE.jar:5.0.5.RELEASE]
	at org.springframework.security.web.session.SessionManagementFilter.doFilter(SessionManagementFilter.java:137) [spring-security-web-5.0.5.RELEASE.jar:5.0.5.RELEASE]
	at org.springframework.security.web.FilterChainProxy$VirtualFilterChain.doFilter(FilterChainProxy.java:334) [spring-security-web-5.0.5.RELEASE.jar:5.0.5.RELEASE]
	at org.springframework.security.web.authentication.AnonymousAuthenticationFilter.doFilter(AnonymousAuthenticationFilter.java:111) [spring-security-web-5.0.5.RELEASE.jar:5.0.5.RELEASE]
	at org.springframework.security.web.FilterChainProxy$VirtualFilterChain.doFilter(FilterChainProxy.java:334) [spring-security-web-5.0.5.RELEASE.jar:5.0.5.RELEASE]
	at org.springframework.security.web.servletapi.SecurityContextHolderAwareRequestFilter.doFilter(SecurityContextHolderAwareRequestFilter.java:170) [spring-security-web-5.0.5.RELEASE.jar:5.0.5.RELEASE]
	at org.springframework.security.web.FilterChainProxy$VirtualFilterChain.doFilter(FilterChainProxy.java:334) [spring-security-web-5.0.5.RELEASE.jar:5.0.5.RELEASE]
	at org.springframework.security.web.savedrequest.RequestCacheAwareFilter.doFilter(RequestCacheAwareFilter.java:63) [spring-security-web-5.0.5.RELEASE.jar:5.0.5.RELEASE]
	at org.springframework.security.web.FilterChainProxy$VirtualFilterChain.doFilter(FilterChainProxy.java:334) [spring-security-web-5.0.5.RELEASE.jar:5.0.5.RELEASE]
	at cl.mobid.service.account.config.AuthorizationTokenFilter.doFilterInternal(AuthorizationTokenFilter.java:60) [classes/:0.0.1-SNAPSHOT]
	at org.springframework.web.filter.OncePerRequestFilter.doFilter(OncePerRequestFilter.java:107) [spring-web-5.0.6.RELEASE.jar:5.0.6.RELEASE]
	at org.springframework.security.web.FilterChainProxy$VirtualFilterChain.doFilter(FilterChainProxy.java:334) [spring-security-web-5.0.5.RELEASE.jar:5.0.5.RELEASE]
	at org.springframework.security.web.authentication.logout.LogoutFilter.doFilter(LogoutFilter.java:116) [spring-security-web-5.0.5.RELEASE.jar:5.0.5.RELEASE]
	at org.springframework.security.web.FilterChainProxy$VirtualFilterChain.doFilter(FilterChainProxy.java:334) [spring-security-web-5.0.5.RELEASE.jar:5.0.5.RELEASE]
	at org.springframework.web.filter.CorsFilter.doFilterInternal(CorsFilter.java:96) [spring-web-5.0.6.RELEASE.jar:5.0.6.RELEASE]
	at org.springframework.web.filter.OncePerRequestFilter.doFilter(OncePerRequestFilter.java:107) [spring-web-5.0.6.RELEASE.jar:5.0.6.RELEASE]
	at org.springframework.security.web.FilterChainProxy$VirtualFilterChain.doFilter(FilterChainProxy.java:334) [spring-security-web-5.0.5.RELEASE.jar:5.0.5.RELEASE]
	at org.springframework.security.web.header.HeaderWriterFilter.doFilterInternal(HeaderWriterFilter.java:66) [spring-security-web-5.0.5.RELEASE.jar:5.0.5.RELEASE]
	at org.springframework.web.filter.OncePerRequestFilter.doFilter(OncePerRequestFilter.java:107) [spring-web-5.0.6.RELEASE.jar:5.0.6.RELEASE]
	at org.springframework.security.web.FilterChainProxy$VirtualFilterChain.doFilter(FilterChainProxy.java:334) [spring-security-web-5.0.5.RELEASE.jar:5.0.5.RELEASE]
	at org.springframework.security.web.context.SecurityContextPersistenceFilter.doFilter(SecurityContextPersistenceFilter.java:105) [spring-security-web-5.0.5.RELEASE.jar:5.0.5.RELEASE]
	at org.springframework.security.web.FilterChainProxy$VirtualFilterChain.doFilter(FilterChainProxy.java:334) [spring-security-web-5.0.5.RELEASE.jar:5.0.5.RELEASE]
	at org.springframework.security.web.context.request.async.WebAsyncManagerIntegrationFilter.doFilterInternal(WebAsyncManagerIntegrationFilter.java:56) [spring-security-web-5.0.5.RELEASE.jar:5.0.5.RELEASE]
	at org.springframework.web.filter.OncePerRequestFilter.doFilter(OncePerRequestFilter.java:107) [spring-web-5.0.6.RELEASE.jar:5.0.6.RELEASE]
	at org.springframework.security.web.FilterChainProxy$VirtualFilterChain.doFilter(FilterChainProxy.java:334) [spring-security-web-5.0.5.RELEASE.jar:5.0.5.RELEASE]
	at org.springframework.security.web.FilterChainProxy.doFilterInternal(FilterChainProxy.java:215) [spring-security-web-5.0.5.RELEASE.jar:5.0.5.RELEASE]
	at org.springframework.security.web.FilterChainProxy.doFilter(FilterChainProxy.java:178) [spring-security-web-5.0.5.RELEASE.jar:5.0.5.RELEASE]
	at org.springframework.web.filter.DelegatingFilterProxy.invokeDelegate(DelegatingFilterProxy.java:357) [spring-web-5.0.6.RELEASE.jar:5.0.6.RELEASE]
	at org.springframework.web.filter.DelegatingFilterProxy.doFilter(DelegatingFilterProxy.java:270) [spring-web-5.0.6.RELEASE.jar:5.0.6.RELEASE]
	at org.apache.catalina.core.ApplicationFilterChain.internalDoFilter(ApplicationFilterChain.java:193) [catalina.jar:8.5.34]
	at org.apache.catalina.core.ApplicationFilterChain.doFilter(ApplicationFilterChain.java:166) [catalina.jar:8.5.34]
	at org.springframework.web.filter.RequestContextFilter.doFilterInternal(RequestContextFilter.java:99) [spring-web-5.0.6.RELEASE.jar:5.0.6.RELEASE]
	at org.springframework.web.filter.OncePerRequestFilter.doFilter(OncePerRequestFilter.java:107) [spring-web-5.0.6.RELEASE.jar:5.0.6.RELEASE]
	at org.apache.catalina.core.ApplicationFilterChain.internalDoFilter(ApplicationFilterChain.java:193) [catalina.jar:8.5.34]
	at org.apache.catalina.core.ApplicationFilterChain.doFilter(ApplicationFilterChain.java:166) [catalina.jar:8.5.34]
	at org.springframework.web.filter.HttpPutFormContentFilter.doFilterInternal(HttpPutFormContentFilter.java:109) [spring-web-5.0.6.RELEASE.jar:5.0.6.RELEASE]
	at org.springframework.web.filter.OncePerRequestFilter.doFilter(OncePerRequestFilter.java:107) [spring-web-5.0.6.RELEASE.jar:5.0.6.RELEASE]
	at org.apache.catalina.core.ApplicationFilterChain.internalDoFilter(ApplicationFilterChain.java:193) [catalina.jar:8.5.34]
	at org.apache.catalina.core.ApplicationFilterChain.doFilter(ApplicationFilterChain.java:166) [catalina.jar:8.5.34]
	at org.springframework.web.filter.HiddenHttpMethodFilter.doFilterInternal(HiddenHttpMethodFilter.java:81) [spring-web-5.0.6.RELEASE.jar:5.0.6.RELEASE]
	at org.springframework.web.filter.OncePerRequestFilter.doFilter(OncePerRequestFilter.java:107) [spring-web-5.0.6.RELEASE.jar:5.0.6.RELEASE]
	at org.apache.catalina.core.ApplicationFilterChain.internalDoFilter(ApplicationFilterChain.java:193) [catalina.jar:8.5.34]
	at org.apache.catalina.core.ApplicationFilterChain.doFilter(ApplicationFilterChain.java:166) [catalina.jar:8.5.34]
	at org.springframework.boot.web.servlet.support.ErrorPageFilter.doFilter(ErrorPageFilter.java:117) [spring-boot-2.0.2.RELEASE.jar:2.0.2.RELEASE]
	at org.springframework.boot.web.servlet.support.ErrorPageFilter.access$000(ErrorPageFilter.java:61) [spring-boot-2.0.2.RELEASE.jar:2.0.2.RELEASE]
	at org.springframework.boot.web.servlet.support.ErrorPageFilter$1.doFilterInternal(ErrorPageFilter.java:92) [spring-boot-2.0.2.RELEASE.jar:2.0.2.RELEASE]
	at org.springframework.web.filter.OncePerRequestFilter.doFilter(OncePerRequestFilter.java:107) [spring-web-5.0.6.RELEASE.jar:5.0.6.RELEASE]
	at org.springframework.boot.web.servlet.support.ErrorPageFilter.doFilter(ErrorPageFilter.java:110) [spring-boot-2.0.2.RELEASE.jar:2.0.2.RELEASE]
	at org.apache.catalina.core.ApplicationFilterChain.internalDoFilter(ApplicationFilterChain.java:193) [catalina.jar:8.5.34]
	at org.apache.catalina.core.ApplicationFilterChain.doFilter(ApplicationFilterChain.java:166) [catalina.jar:8.5.34]
	at org.springframework.web.filter.CharacterEncodingFilter.doFilterInternal(CharacterEncodingFilter.java:200) [spring-web-5.0.6.RELEASE.jar:5.0.6.RELEASE]
	at org.springframework.web.filter.OncePerRequestFilter.doFilter(OncePerRequestFilter.java:107) [spring-web-5.0.6.RELEASE.jar:5.0.6.RELEASE]
	at org.apache.catalina.core.ApplicationFilterChain.internalDoFilter(ApplicationFilterChain.java:193) [catalina.jar:8.5.34]
	at org.apache.catalina.core.ApplicationFilterChain.doFilter(ApplicationFilterChain.java:166) [catalina.jar:8.5.34]
	at org.apache.catalina.core.StandardWrapperValve.invoke(StandardWrapperValve.java:198) [catalina.jar:8.5.34]
	at org.apache.catalina.core.StandardContextValve.invoke(StandardContextValve.java:96) [catalina.jar:8.5.34]
	at org.apache.catalina.authenticator.AuthenticatorBase.invoke(AuthenticatorBase.java:493) [catalina.jar:8.5.34]
	at org.apache.catalina.core.StandardHostValve.invoke(StandardHostValve.java:140) [catalina.jar:8.5.34]
	at org.apache.catalina.valves.ErrorReportValve.invoke(ErrorReportValve.java:81) [catalina.jar:8.5.34]
	at org.apache.catalina.valves.AbstractAccessLogValve.invoke(AbstractAccessLogValve.java:650) [catalina.jar:8.5.34]
	at org.apache.catalina.core.StandardEngineValve.invoke(StandardEngineValve.java:87) [catalina.jar:8.5.34]
	at org.apache.catalina.connector.CoyoteAdapter.service(CoyoteAdapter.java:342) [catalina.jar:8.5.34]
	at org.apache.coyote.http11.Http11Processor.service(Http11Processor.java:800) [tomcat-coyote.jar:8.5.34]
	at org.apache.coyote.AbstractProcessorLight.process(AbstractProcessorLight.java:66) [tomcat-coyote.jar:8.5.34]
	at org.apache.coyote.AbstractProtocol$ConnectionHandler.process(AbstractProtocol.java:806) [tomcat-coyote.jar:8.5.34]
	at org.apache.tomcat.util.net.NioEndpoint$SocketProcessor.doRun(NioEndpoint.java:1498) [tomcat-coyote.jar:8.5.34]
	at org.apache.tomcat.util.net.SocketProcessorBase.run(SocketProcessorBase.java:49) [tomcat-coyote.jar:8.5.34]
	at java.util.concurrent.ThreadPoolExecutor.runWorker(ThreadPoolExecutor.java:1149) [?:1.8.0_201]
	at java.util.concurrent.ThreadPoolExecutor$Worker.run(ThreadPoolExecutor.java:624) [?:1.8.0_201]
	at org.apache.tomcat.util.threads.TaskThread$WrappingRunnable.run(TaskThread.java:61) [tomcat-util.jar:8.5.34]
	at java.lang.Thread.run(Thread.java:748) [?:1.8.0_201]
Caused by: java.net.SocketException: Connection timed out (Read failed)
	at java.net.SocketInputStream.socketRead0(Native Method) ~[?:1.8.0_201]
	at java.net.SocketInputStream.socketRead(SocketInputStream.java:116) ~[?:1.8.0_201]
	at java.net.SocketInputStream.read(SocketInputStream.java:171) ~[?:1.8.0_201]
	at java.net.SocketInputStream.read(SocketInputStream.java:141) ~[?:1.8.0_201]
	at com.mysql.jdbc.util.ReadAheadInputStream.fill(ReadAheadInputStream.java:101) ~[mysql-connector-java-5.1.46.jar:5.1.46]
	at com.mysql.jdbc.util.ReadAheadInputStream.readFromUnderlyingStreamIfNecessary(ReadAheadInputStream.java:144) ~[mysql-connector-java-5.1.46.jar:5.1.46]
	at com.mysql.jdbc.util.ReadAheadInputStream.read(ReadAheadInputStream.java:174) ~[mysql-connector-java-5.1.46.jar:5.1.46]
	at com.mysql.jdbc.MysqlIO.readFully(MysqlIO.java:3011) ~[mysql-connector-java-5.1.46.jar:5.1.46]
	at com.mysql.jdbc.MysqlIO.reuseAndReadPacket(MysqlIO.java:3472) ~[mysql-connector-java-5.1.46.jar:5.1.46]
	... 119 more
[2019-02-11 17:48:33.768] - [INFO] - [InitBean] - msg:[Aplicacion Detenida]
[2019-02-11 17:48:41.910] - [INFO] - [AccountApplication] - msg:[Starting AccountApplication v0.0.1-SNAPSHOT on bquiroz with PID 15161 (/opt/tomcat/webapps/account/WEB-INF/classes started by tomcat in /)]
[2019-02-11 17:48:41.918] - [DEBUG] - [AccountApplication] - msg:[Running with Spring Boot v2.0.2.RELEASE, Spring v5.0.6.RELEASE]
[2019-02-11 17:48:41.921] - [INFO] - [AccountApplication] - msg:[No active profile set, falling back to default profiles: default]
[2019-02-11 17:48:46.315] - [INFO] - [WebSecurityConfig$$EnhancerBySpringCGLIB$$b3bde2ff] - msg:[Se agrega cors domain: http://vpetrel.mobid.cl]
[2019-02-11 17:48:46.416] - [INFO] - [InitBean] - msg:[Aplicacion inicializada]
[2019-02-11 17:48:46.417] - [INFO] - [InitBean] - msg:[Location Properties: /home/appmobid/apps/tomcat/account/properties/]
[2019-02-11 17:48:46.419] - [DEBUG] - [PropertiesConfig] - msg:[set pathProperty: /home/appmobid/apps/tomcat/account/properties/]
[2019-02-11 17:48:46.419] - [DEBUG] - [PropertiesConfig] - msg:[set path: /home/appmobid/apps/tomcat/account/properties/msg.properties]
[2019-02-11 17:48:46.436] - [DEBUG] - [PropertiesConfig] - msg:[set path: /home/appmobid/apps/tomcat/account/properties/config.properties]
[2019-02-11 17:48:46.486] - [INFO] - [PoolConectionConfig] - msg:[Url Base de datos: jdbc:mysql://10.142.0.4:3306/mcs_master_proyect]
[2019-02-11 17:48:48.279] - [INFO] - [AccountApplication] - msg:[Started AccountApplication in 7.352 seconds (JVM running for 13.989)]
[2019-02-11 17:48:48.363] - [DEBUG] - [AuthorizationTokenFilter] - msg:[Initializing filter 'authorizationTokenFilter']
[2019-02-11 17:48:48.363] - [DEBUG] - [AuthorizationTokenFilter] - msg:[Filter 'authorizationTokenFilter' configured successfully]
[2019-02-11 17:49:12.025] - [ERROR] - [AccountDetailsDao] - msg:[ERROR SQL AL OBTENER DATOS DE USUARIO]
[2019-02-11 17:49:21.991] - [ERROR] - [AccountDetailsDao] - msg:[ERROR SQL AL OBTENER DATOS DE USUARIO]
[2019-02-11 17:49:42.724] - [ERROR] - [AccountDetailsDao] - msg:[ERROR SQL AL OBTENER DATOS DE USUARIO]
[2019-02-11 17:54:53.190] - [INFO] - [InitBean] - msg:[Aplicacion Detenida]
[2019-02-11 17:55:08.589] - [INFO] - [AccountApplication] - msg:[Starting AccountApplication v0.0.1-SNAPSHOT on bquiroz with PID 15161 (/opt/tomcat/webapps/account/WEB-INF/classes started by tomcat in /)]
[2019-02-11 17:55:08.595] - [DEBUG] - [AccountApplication] - msg:[Running with Spring Boot v2.0.2.RELEASE, Spring v5.0.6.RELEASE]
[2019-02-11 17:55:08.597] - [INFO] - [AccountApplication] - msg:[No active profile set, falling back to default profiles: default]
[2019-02-11 17:55:12.416] - [INFO] - [WebSecurityConfig$$EnhancerBySpringCGLIB$$b71a99e0] - msg:[Se agrega cors domain: http://vpetrel.mobid.cl]
[2019-02-11 17:55:12.529] - [INFO] - [InitBean] - msg:[Aplicacion inicializada]
[2019-02-11 17:55:12.531] - [INFO] - [InitBean] - msg:[Location Properties: /home/appmobid/apps/tomcat/account/properties/]
[2019-02-11 17:55:12.532] - [DEBUG] - [PropertiesConfig] - msg:[set pathProperty: /home/appmobid/apps/tomcat/account/properties/]
[2019-02-11 17:55:12.532] - [DEBUG] - [PropertiesConfig] - msg:[set path: /home/appmobid/apps/tomcat/account/properties/msg.properties]
[2019-02-11 17:55:12.533] - [DEBUG] - [PropertiesConfig] - msg:[set path: /home/appmobid/apps/tomcat/account/properties/config.properties]
[2019-02-11 17:55:12.552] - [INFO] - [PoolConectionConfig] - msg:[Url Base de datos: jdbc:mysql://10.142.0.4:3306/mcs_master_proyect]
[2019-02-11 17:55:13.948] - [INFO] - [AccountApplication] - msg:[Started AccountApplication in 5.845 seconds (JVM running for 399.658)]
[2019-02-11 17:55:13.962] - [DEBUG] - [AuthorizationTokenFilter] - msg:[Initializing filter 'authorizationTokenFilter']
[2019-02-11 17:55:13.962] - [DEBUG] - [AuthorizationTokenFilter] - msg:[Filter 'authorizationTokenFilter' configured successfully]
[2019-02-11 17:56:49.357] - [ERROR] - [AccountDetailsDao] - msg:[ERROR SQL AL OBTENER DATOS DE USUARIO]
[2019-02-11 17:56:49.358] - [ERROR] - [AccountDetailsDao] - msg:[Operation not allowed after ResultSet closed]
[2019-02-11 17:57:07.619] - [ERROR] - [AccountDetailsDao] - msg:[ERROR SQL AL OBTENER DATOS DE USUARIO]
[2019-02-11 17:57:07.620] - [ERROR] - [AccountDetailsDao] - msg:[Operation not allowed after ResultSet closed]
[2019-02-11 17:59:37.844] - [INFO] - [InitBean] - msg:[Aplicacion Detenida]
[2019-02-11 17:59:42.622] - [INFO] - [AccountApplication] - msg:[Starting AccountApplication v0.0.1-SNAPSHOT on bquiroz with PID 16506 (/opt/tomcat/webapps/account/WEB-INF/classes started by tomcat in /)]
[2019-02-11 17:59:42.638] - [DEBUG] - [AccountApplication] - msg:[Running with Spring Boot v2.0.2.RELEASE, Spring v5.0.6.RELEASE]
[2019-02-11 17:59:42.651] - [INFO] - [AccountApplication] - msg:[No active profile set, falling back to default profiles: default]
[2019-02-11 17:59:47.292] - [INFO] - [WebSecurityConfig$$EnhancerBySpringCGLIB$$ae262b58] - msg:[Se agrega cors domain: http://localhost]
[2019-02-11 17:59:47.410] - [INFO] - [InitBean] - msg:[Aplicacion inicializada]
[2019-02-11 17:59:47.410] - [INFO] - [InitBean] - msg:[Location Properties: /home/appmobid/apps/tomcat/account/properties/]
[2019-02-11 17:59:47.411] - [DEBUG] - [PropertiesConfig] - msg:[set pathProperty: /home/appmobid/apps/tomcat/account/properties/]
[2019-02-11 17:59:47.412] - [DEBUG] - [PropertiesConfig] - msg:[set path: /home/appmobid/apps/tomcat/account/properties/msg.properties]
[2019-02-11 17:59:47.412] - [DEBUG] - [PropertiesConfig] - msg:[set path: /home/appmobid/apps/tomcat/account/properties/config.properties]
[2019-02-11 17:59:47.428] - [INFO] - [PoolConectionConfig] - msg:[Url Base de datos: jdbc:mysql://10.142.0.4:3306/mcs_master_proyect]
[2019-02-11 17:59:49.238] - [INFO] - [AccountApplication] - msg:[Started AccountApplication in 7.401 seconds (JVM running for 10.906)]
[2019-02-11 17:59:49.272] - [DEBUG] - [AuthorizationTokenFilter] - msg:[Initializing filter 'authorizationTokenFilter']
[2019-02-11 17:59:49.272] - [DEBUG] - [AuthorizationTokenFilter] - msg:[Filter 'authorizationTokenFilter' configured successfully]
[2019-02-11 18:01:23.946] - [ERROR] - [AccountDetailsDao] - msg:[ERROR SQL AL OBTENER DATOS DE USUARIO]
[2019-02-11 18:01:23.947] - [ERROR] - [AccountDetailsDao] - msg:[Operation not allowed after ResultSet closed]
[2019-02-11 18:07:45.150] - [INFO] - [InitBean] - msg:[Aplicacion Detenida]
[2019-02-11 18:08:22.610] - [INFO] - [AccountApplication] - msg:[Starting AccountApplication v0.0.1-SNAPSHOT on bquiroz with PID 16506 (/opt/tomcat/webapps/account/WEB-INF/classes started by tomcat in /)]
[2019-02-11 18:08:22.615] - [DEBUG] - [AccountApplication] - msg:[Running with Spring Boot v2.0.2.RELEASE, Spring v5.0.6.RELEASE]
[2019-02-11 18:08:22.617] - [INFO] - [AccountApplication] - msg:[No active profile set, falling back to default profiles: default]
[2019-02-11 18:08:26.335] - [INFO] - [WebSecurityConfig$$EnhancerBySpringCGLIB$$1c2d8f9c] - msg:[Se agrega cors domain: http://localhost]
[2019-02-11 18:08:26.453] - [INFO] - [InitBean] - msg:[Aplicacion inicializada]
[2019-02-11 18:08:26.454] - [INFO] - [InitBean] - msg:[Location Properties: /home/appmobid/apps/tomcat/account/properties/]
[2019-02-11 18:08:26.455] - [DEBUG] - [PropertiesConfig] - msg:[set pathProperty: /home/appmobid/apps/tomcat/account/properties/]
[2019-02-11 18:08:26.455] - [DEBUG] - [PropertiesConfig] - msg:[set path: /home/appmobid/apps/tomcat/account/properties/msg.properties]
[2019-02-11 18:08:26.471] - [DEBUG] - [PropertiesConfig] - msg:[set path: /home/appmobid/apps/tomcat/account/properties/config.properties]
[2019-02-11 18:08:26.482] - [INFO] - [PoolConectionConfig] - msg:[Url Base de datos: jdbc:mysql://10.142.0.4:3306/mcs_master_proyect]
[2019-02-11 18:08:27.710] - [INFO] - [AccountApplication] - msg:[Started AccountApplication in 5.5 seconds (JVM running for 529.378)]
[2019-02-11 18:08:27.720] - [DEBUG] - [AuthorizationTokenFilter] - msg:[Initializing filter 'authorizationTokenFilter']
[2019-02-11 18:08:27.722] - [DEBUG] - [AuthorizationTokenFilter] - msg:[Filter 'authorizationTokenFilter' configured successfully]
[2019-02-11 18:36:17.138] - [INFO] - [InitBean] - msg:[Aplicacion Detenida]
[2019-02-12 09:49:25.634] - [INFO] - [AccountApplication] - msg:[Starting AccountApplication v0.0.1-SNAPSHOT on bquiroz with PID 5380 (/opt/tomcat/webapps/account/WEB-INF/classes started by tomcat in /)]
[2019-02-12 09:49:25.666] - [DEBUG] - [AccountApplication] - msg:[Running with Spring Boot v2.0.2.RELEASE, Spring v5.0.6.RELEASE]
[2019-02-12 09:49:25.669] - [INFO] - [AccountApplication] - msg:[No active profile set, falling back to default profiles: default]
[2019-02-12 09:49:30.311] - [INFO] - [WebSecurityConfig$$EnhancerBySpringCGLIB$$5b48c13c] - msg:[Se agrega cors domain: http://localhost]
[2019-02-12 09:49:30.389] - [INFO] - [InitBean] - msg:[Aplicacion inicializada]
[2019-02-12 09:49:30.390] - [INFO] - [InitBean] - msg:[Location Properties: /home/appmobid/apps/tomcat/account/properties/]
[2019-02-12 09:49:30.391] - [DEBUG] - [PropertiesConfig] - msg:[set pathProperty: /home/appmobid/apps/tomcat/account/properties/]
[2019-02-12 09:49:30.391] - [DEBUG] - [PropertiesConfig] - msg:[set path: /home/appmobid/apps/tomcat/account/properties/msg.properties]
[2019-02-12 09:49:30.515] - [DEBUG] - [PropertiesConfig] - msg:[set path: /home/appmobid/apps/tomcat/account/properties/config.properties]
[2019-02-12 09:49:30.609] - [INFO] - [PoolConectionConfig] - msg:[Url Base de datos: jdbc:mysql://10.142.0.4:3306/mcs_master_proyect]
[2019-02-12 09:49:32.086] - [INFO] - [AccountApplication] - msg:[Started AccountApplication in 7.545 seconds (JVM running for 14.252)]
[2019-02-12 09:49:32.123] - [DEBUG] - [AuthorizationTokenFilter] - msg:[Initializing filter 'authorizationTokenFilter']
[2019-02-12 09:49:32.123] - [DEBUG] - [AuthorizationTokenFilter] - msg:[Filter 'authorizationTokenFilter' configured successfully]
[2019-02-12 11:43:20.297] - [INFO] - [InitBean] - msg:[Aplicacion Detenida]
[2019-02-12 12:13:37.635] - [INFO] - [AccountApplication] - msg:[Starting AccountApplication v0.0.1-SNAPSHOT on bquiroz with PID 12535 (/opt/tomcat/webapps/account/WEB-INF/classes started by tomcat in /)]
[2019-02-12 12:13:37.645] - [DEBUG] - [AccountApplication] - msg:[Running with Spring Boot v2.0.2.RELEASE, Spring v5.0.6.RELEASE]
[2019-02-12 12:13:37.648] - [INFO] - [AccountApplication] - msg:[No active profile set, falling back to default profiles: default]
[2019-02-12 12:13:41.891] - [INFO] - [WebSecurityConfig$$EnhancerBySpringCGLIB$$5f19487b] - msg:[Se agrega cors domain: http://localhost]
[2019-02-12 12:13:42.003] - [INFO] - [InitBean] - msg:[Aplicacion inicializada]
[2019-02-12 12:13:42.003] - [INFO] - [InitBean] - msg:[Location Properties: /home/appmobid/apps/tomcat/account/properties/]
[2019-02-12 12:13:42.005] - [DEBUG] - [PropertiesConfig] - msg:[set pathProperty: /home/appmobid/apps/tomcat/account/properties/]
[2019-02-12 12:13:42.006] - [DEBUG] - [PropertiesConfig] - msg:[set path: /home/appmobid/apps/tomcat/account/properties/msg.properties]
[2019-02-12 12:13:42.027] - [DEBUG] - [PropertiesConfig] - msg:[set path: /home/appmobid/apps/tomcat/account/properties/config.properties]
[2019-02-12 12:13:42.077] - [INFO] - [PoolConectionConfig] - msg:[Url Base de datos: jdbc:mysql://10.142.0.4:3306/mcs_master_proyect]
[2019-02-12 12:13:43.583] - [INFO] - [AccountApplication] - msg:[Started AccountApplication in 6.982 seconds (JVM running for 12.61)]
[2019-02-12 12:13:43.659] - [DEBUG] - [AuthorizationTokenFilter] - msg:[Initializing filter 'authorizationTokenFilter']
[2019-02-12 12:13:43.660] - [DEBUG] - [AuthorizationTokenFilter] - msg:[Filter 'authorizationTokenFilter' configured successfully]
[2019-02-12 12:14:12.384] - [INFO] - [InitBean] - msg:[Aplicacion Detenida]
[2019-02-12 12:14:18.534] - [INFO] - [AccountApplication] - msg:[Starting AccountApplication v0.0.1-SNAPSHOT on bquiroz with PID 12669 (/opt/tomcat/webapps/account/WEB-INF/classes started by tomcat in /)]
[2019-02-12 12:14:18.543] - [DEBUG] - [AccountApplication] - msg:[Running with Spring Boot v2.0.2.RELEASE, Spring v5.0.6.RELEASE]
[2019-02-12 12:14:18.546] - [INFO] - [AccountApplication] - msg:[No active profile set, falling back to default profiles: default]
[2019-02-12 12:14:23.197] - [INFO] - [WebSecurityConfig$$EnhancerBySpringCGLIB$$b2b2f6fc] - msg:[Se agrega cors domain: http://localhost]
[2019-02-12 12:14:23.325] - [INFO] - [InitBean] - msg:[Aplicacion inicializada]
[2019-02-12 12:14:23.328] - [INFO] - [InitBean] - msg:[Location Properties: /home/appmobid/apps/tomcat/account/properties/]
[2019-02-12 12:14:23.329] - [DEBUG] - [PropertiesConfig] - msg:[set pathProperty: /home/appmobid/apps/tomcat/account/properties/]
[2019-02-12 12:14:23.329] - [DEBUG] - [PropertiesConfig] - msg:[set path: /home/appmobid/apps/tomcat/account/properties/msg.properties]
[2019-02-12 12:14:23.330] - [DEBUG] - [PropertiesConfig] - msg:[set path: /home/appmobid/apps/tomcat/account/properties/config.properties]
[2019-02-12 12:14:23.340] - [INFO] - [PoolConectionConfig] - msg:[Url Base de datos: jdbc:mysql://10.142.0.4:3306/mcs_master_proyect]
[2019-02-12 12:14:25.167] - [INFO] - [AccountApplication] - msg:[Started AccountApplication in 7.503 seconds (JVM running for 11.846)]
[2019-02-12 12:14:25.191] - [DEBUG] - [AuthorizationTokenFilter] - msg:[Initializing filter 'authorizationTokenFilter']
[2019-02-12 12:14:25.191] - [DEBUG] - [AuthorizationTokenFilter] - msg:[Filter 'authorizationTokenFilter' configured successfully]
[2019-02-12 12:31:16.196] - [INFO] - [InitBean] - msg:[Aplicacion Detenida]
[2019-02-12 12:44:18.527] - [INFO] - [AccountApplication] - msg:[Starting AccountApplication v0.0.1-SNAPSHOT on bquiroz with PID 14040 (/opt/tomcat/webapps/account/WEB-INF/classes started by tomcat in /)]
[2019-02-12 12:44:18.581] - [DEBUG] - [AccountApplication] - msg:[Running with Spring Boot v2.0.2.RELEASE, Spring v5.0.6.RELEASE]
[2019-02-12 12:44:18.608] - [INFO] - [AccountApplication] - msg:[No active profile set, falling back to default profiles: default]
[2019-02-12 12:44:24.816] - [INFO] - [WebSecurityConfig$$EnhancerBySpringCGLIB$$b651a613] - msg:[Se agrega cors domain: http://localhost]
[2019-02-12 12:44:24.996] - [INFO] - [InitBean] - msg:[Aplicacion inicializada]
[2019-02-12 12:44:24.997] - [INFO] - [InitBean] - msg:[Location Properties: /home/appmobid/apps/tomcat/account/properties/]
[2019-02-12 12:44:24.999] - [DEBUG] - [PropertiesConfig] - msg:[set pathProperty: /home/appmobid/apps/tomcat/account/properties/]
[2019-02-12 12:44:24.999] - [DEBUG] - [PropertiesConfig] - msg:[set path: /home/appmobid/apps/tomcat/account/properties/msg.properties]
[2019-02-12 12:44:25.023] - [DEBUG] - [PropertiesConfig] - msg:[set path: /home/appmobid/apps/tomcat/account/properties/config.properties]
[2019-02-12 12:44:25.082] - [INFO] - [PoolConectionConfig] - msg:[Url Base de datos: jdbc:mysql://10.142.0.4:3306/mcs_master_proyect]
[2019-02-12 12:44:27.207] - [INFO] - [AccountApplication] - msg:[Started AccountApplication in 10.305 seconds (JVM running for 16.24)]
[2019-02-12 12:44:27.258] - [DEBUG] - [AuthorizationTokenFilter] - msg:[Initializing filter 'authorizationTokenFilter']
[2019-02-12 12:44:27.259] - [DEBUG] - [AuthorizationTokenFilter] - msg:[Filter 'authorizationTokenFilter' configured successfully]
[2019-02-12 12:45:19.899] - [INFO] - [InitBean] - msg:[Aplicacion Detenida]
[2019-02-12 12:45:25.578] - [INFO] - [AccountApplication] - msg:[Starting AccountApplication v0.0.1-SNAPSHOT on bquiroz with PID 14285 (/opt/tomcat/webapps/account/WEB-INF/classes started by tomcat in /)]
[2019-02-12 12:45:25.587] - [DEBUG] - [AccountApplication] - msg:[Running with Spring Boot v2.0.2.RELEASE, Spring v5.0.6.RELEASE]
[2019-02-12 12:45:25.603] - [INFO] - [AccountApplication] - msg:[No active profile set, falling back to default profiles: default]
[2019-02-12 12:45:30.125] - [INFO] - [WebSecurityConfig$$EnhancerBySpringCGLIB$$f155d7b] - msg:[Se agrega cors domain: http://localhost]
[2019-02-12 12:45:30.230] - [INFO] - [InitBean] - msg:[Aplicacion inicializada]
[2019-02-12 12:45:30.230] - [INFO] - [InitBean] - msg:[Location Properties: /home/appmobid/apps/tomcat/account/properties/]
[2019-02-12 12:45:30.231] - [DEBUG] - [PropertiesConfig] - msg:[set pathProperty: /home/appmobid/apps/tomcat/account/properties/]
[2019-02-12 12:45:30.232] - [DEBUG] - [PropertiesConfig] - msg:[set path: /home/appmobid/apps/tomcat/account/properties/msg.properties]
[2019-02-12 12:45:30.232] - [DEBUG] - [PropertiesConfig] - msg:[set path: /home/appmobid/apps/tomcat/account/properties/config.properties]
[2019-02-12 12:45:30.245] - [INFO] - [PoolConectionConfig] - msg:[Url Base de datos: jdbc:mysql://10.142.0.4:3306/mcs_master_proyect]
[2019-02-12 12:45:31.424] - [INFO] - [AccountApplication] - msg:[Started AccountApplication in 6.685 seconds (JVM running for 10.589)]
[2019-02-12 12:45:31.442] - [DEBUG] - [AuthorizationTokenFilter] - msg:[Initializing filter 'authorizationTokenFilter']
[2019-02-12 12:45:31.443] - [DEBUG] - [AuthorizationTokenFilter] - msg:[Filter 'authorizationTokenFilter' configured successfully]
[2019-02-12 16:30:17.956] - [INFO] - [InitBean] - msg:[Aplicacion Detenida]
