[2019-02-07 09:44:58.984] - [INFO] - [AccountApplication] - msg:[Starting AccountApplication v0.0.1-SNAPSHOT on bquiroz with PID 7029 (/opt/tomcat/webapps/account/WEB-INF/classes started by tomcat in /)]
[2019-02-07 09:44:58.994] - [DEBUG] - [AccountApplication] - msg:[Running with Spring Boot v2.0.2.RELEASE, Spring v5.0.6.RELEASE]
[2019-02-07 09:44:58.996] - [INFO] - [AccountApplication] - msg:[No active profile set, falling back to default profiles: default]
[2019-02-07 09:45:04.123] - [INFO] - [WebSecurityConfig$$EnhancerBySpringCGLIB$$8e642d83] - msg:[Se agrega cors domain: https://ares.mobid.cl]
[2019-02-07 09:45:04.248] - [INFO] - [InitBean] - msg:[Aplicacion inicializada]
[2019-02-07 09:45:04.249] - [INFO] - [InitBean] - msg:[Location Properties: /home/appmobid/apps/tomcat/account/properties/]
[2019-02-07 09:45:04.250] - [DEBUG] - [PropertiesConfig] - msg:[set pathProperty: /home/appmobid/apps/tomcat/account/properties/]
[2019-02-07 09:45:04.250] - [DEBUG] - [PropertiesConfig] - msg:[set path: /home/appmobid/apps/tomcat/account/properties/msg.properties]
[2019-02-07 09:45:04.267] - [DEBUG] - [PropertiesConfig] - msg:[set path: /home/appmobid/apps/tomcat/account/properties/config.properties]
[2019-02-07 09:45:04.320] - [INFO] - [PoolConectionConfig] - msg:[Url Base de datos: jdbc:mysql://10.142.0.4:3306/mcs_master_proyect]
[2019-02-07 09:45:05.721] - [INFO] - [AccountApplication] - msg:[Started AccountApplication in 7.508 seconds (JVM running for 14.64)]
[2019-02-07 09:45:05.753] - [DEBUG] - [AuthorizationTokenFilter] - msg:[Initializing filter 'authorizationTokenFilter']
[2019-02-07 09:45:05.753] - [DEBUG] - [AuthorizationTokenFilter] - msg:[Filter 'authorizationTokenFilter' configured successfully]
[2019-02-07 09:46:40.939] - [ERROR] - [AccountDetailsDao] - msg:[ERROR SQL AL OBTENER DATOS DE USUARIO]
[2019-02-07 10:07:19.457] - [ERROR] - [AccountDetailsDao] - msg:[ERROR SQL AL OBTENER DATOS DE USUARIO]
[2019-02-07 10:12:00.564] - [ERROR] - [AccountDetailsDao] - msg:[ERROR SQL AL OBTENER DATOS DE USUARIO]
[2019-02-07 10:19:43.970] - [ERROR] - [AccountDetailsDao] - msg:[ERROR SQL AL OBTENER DATOS DE USUARIO]
[2019-02-07 10:32:01.560] - [INFO] - [InitBean] - msg:[Aplicacion Detenida]
[2019-02-07 10:52:38.788] - [INFO] - [AccountApplication] - msg:[Starting AccountApplication v0.0.1-SNAPSHOT on bquiroz with PID 10400 (/opt/tomcat/webapps/account/WEB-INF/classes started by tomcat in /)]
[2019-02-07 10:52:38.800] - [DEBUG] - [AccountApplication] - msg:[Running with Spring Boot v2.0.2.RELEASE, Spring v5.0.6.RELEASE]
[2019-02-07 10:52:38.805] - [INFO] - [AccountApplication] - msg:[No active profile set, falling back to default profiles: default]
[2019-02-07 10:52:43.091] - [INFO] - [WebSecurityConfig$$EnhancerBySpringCGLIB$$a7658ea7] - msg:[Se agrega cors domain: https://ares.mobid.cl]
[2019-02-07 10:52:43.189] - [INFO] - [InitBean] - msg:[Aplicacion inicializada]
[2019-02-07 10:52:43.190] - [INFO] - [InitBean] - msg:[Location Properties: /home/appmobid/apps/tomcat/account/properties/]
[2019-02-07 10:52:43.191] - [DEBUG] - [PropertiesConfig] - msg:[set pathProperty: /home/appmobid/apps/tomcat/account/properties/]
[2019-02-07 10:52:43.191] - [DEBUG] - [PropertiesConfig] - msg:[set path: /home/appmobid/apps/tomcat/account/properties/msg.properties]
[2019-02-07 10:52:43.192] - [DEBUG] - [PropertiesConfig] - msg:[set path: /home/appmobid/apps/tomcat/account/properties/config.properties]
[2019-02-07 10:52:43.226] - [INFO] - [PoolConectionConfig] - msg:[Url Base de datos: jdbc:mysql://10.142.0.4:3306/mcs_master_proyect]
[2019-02-07 10:52:44.530] - [INFO] - [AccountApplication] - msg:[Started AccountApplication in 6.707 seconds (JVM running for 12.216)]
[2019-02-07 10:52:44.549] - [DEBUG] - [AuthorizationTokenFilter] - msg:[Initializing filter 'authorizationTokenFilter']
[2019-02-07 10:52:44.549] - [DEBUG] - [AuthorizationTokenFilter] - msg:[Filter 'authorizationTokenFilter' configured successfully]
[2019-02-07 11:15:11.431] - [INFO] - [InitBean] - msg:[Aplicacion Detenida]
[2019-02-07 11:20:17.036] - [INFO] - [AccountApplication] - msg:[Starting AccountApplication v0.0.1-SNAPSHOT on bquiroz with PID 12034 (/opt/tomcat/webapps/account/WEB-INF/classes started by tomcat in /)]
[2019-02-07 11:20:17.065] - [DEBUG] - [AccountApplication] - msg:[Running with Spring Boot v2.0.2.RELEASE, Spring v5.0.6.RELEASE]
[2019-02-07 11:20:17.068] - [INFO] - [AccountApplication] - msg:[No active profile set, falling back to default profiles: default]
[2019-02-07 11:20:20.863] - [INFO] - [WebSecurityConfig$$EnhancerBySpringCGLIB$$4d8484e3] - msg:[Se agrega cors domain: https://ares.mobid.cl]
[2019-02-07 11:20:20.942] - [INFO] - [InitBean] - msg:[Aplicacion inicializada]
[2019-02-07 11:20:20.942] - [INFO] - [InitBean] - msg:[Location Properties: /home/appmobid/apps/tomcat/account/properties/]
[2019-02-07 11:20:20.943] - [DEBUG] - [PropertiesConfig] - msg:[set pathProperty: /home/appmobid/apps/tomcat/account/properties/]
[2019-02-07 11:20:20.944] - [DEBUG] - [PropertiesConfig] - msg:[set path: /home/appmobid/apps/tomcat/account/properties/msg.properties]
[2019-02-07 11:20:20.951] - [DEBUG] - [PropertiesConfig] - msg:[set path: /home/appmobid/apps/tomcat/account/properties/config.properties]
[2019-02-07 11:20:20.999] - [INFO] - [PoolConectionConfig] - msg:[Url Base de datos: jdbc:mysql://10.142.0.4:3306/mcs_master_proyect]
[2019-02-07 11:20:22.075] - [INFO] - [AccountApplication] - msg:[Started AccountApplication in 5.675 seconds (JVM running for 13.119)]
[2019-02-07 11:20:22.094] - [DEBUG] - [AuthorizationTokenFilter] - msg:[Initializing filter 'authorizationTokenFilter']
[2019-02-07 11:20:22.094] - [DEBUG] - [AuthorizationTokenFilter] - msg:[Filter 'authorizationTokenFilter' configured successfully]
[2019-02-07 11:24:51.449] - [INFO] - [InitBean] - msg:[Aplicacion Detenida]
[2019-02-07 11:25:52.290] - [INFO] - [AccountApplication] - msg:[Starting AccountApplication v0.0.1-SNAPSHOT on bquiroz with PID 12034 (/opt/tomcat/webapps/account/WEB-INF/classes started by tomcat in /)]
[2019-02-07 11:25:52.298] - [DEBUG] - [AccountApplication] - msg:[Running with Spring Boot v2.0.2.RELEASE, Spring v5.0.6.RELEASE]
[2019-02-07 11:25:52.300] - [INFO] - [AccountApplication] - msg:[No active profile set, falling back to default profiles: default]
[2019-02-07 11:25:56.540] - [INFO] - [WebSecurityConfig$$EnhancerBySpringCGLIB$$f7110dda] - msg:[Se agrega cors domain: https://ares.mobid.cl]
[2019-02-07 11:25:56.642] - [INFO] - [InitBean] - msg:[Aplicacion inicializada]
[2019-02-07 11:25:56.643] - [INFO] - [InitBean] - msg:[Location Properties: /home/appmobid/apps/tomcat/account/properties/]
[2019-02-07 11:25:56.645] - [DEBUG] - [PropertiesConfig] - msg:[set pathProperty: /home/appmobid/apps/tomcat/account/properties/]
[2019-02-07 11:25:56.645] - [DEBUG] - [PropertiesConfig] - msg:[set path: /home/appmobid/apps/tomcat/account/properties/msg.properties]
[2019-02-07 11:25:56.666] - [DEBUG] - [PropertiesConfig] - msg:[set path: /home/appmobid/apps/tomcat/account/properties/config.properties]
[2019-02-07 11:25:56.678] - [INFO] - [PoolConectionConfig] - msg:[Url Base de datos: jdbc:mysql://10.142.0.4:3306/mcs_master_proyect]
[2019-02-07 11:25:58.116] - [INFO] - [AccountApplication] - msg:[Started AccountApplication in 6.208 seconds (JVM running for 349.16)]
[2019-02-07 11:25:58.128] - [DEBUG] - [AuthorizationTokenFilter] - msg:[Initializing filter 'authorizationTokenFilter']
[2019-02-07 11:25:58.128] - [DEBUG] - [AuthorizationTokenFilter] - msg:[Filter 'authorizationTokenFilter' configured successfully]
[2019-02-07 11:35:03.748] - [INFO] - [InitBean] - msg:[Aplicacion Detenida]
[2019-02-07 11:35:10.343] - [INFO] - [AccountApplication] - msg:[Starting AccountApplication v0.0.1-SNAPSHOT on bquiroz with PID 13470 (/opt/tomcat/webapps/account/WEB-INF/classes started by tomcat in /)]
[2019-02-07 11:35:10.353] - [DEBUG] - [AccountApplication] - msg:[Running with Spring Boot v2.0.2.RELEASE, Spring v5.0.6.RELEASE]
[2019-02-07 11:35:10.356] - [INFO] - [AccountApplication] - msg:[No active profile set, falling back to default profiles: default]
[2019-02-07 11:35:14.676] - [INFO] - [WebSecurityConfig$$EnhancerBySpringCGLIB$$79222ed3] - msg:[Se agrega cors domain: https://ares.mobid.cl]
[2019-02-07 11:35:14.780] - [INFO] - [InitBean] - msg:[Aplicacion inicializada]
[2019-02-07 11:35:14.781] - [INFO] - [InitBean] - msg:[Location Properties: /home/appmobid/apps/tomcat/account/properties/]
[2019-02-07 11:35:14.783] - [DEBUG] - [PropertiesConfig] - msg:[set pathProperty: /home/appmobid/apps/tomcat/account/properties/]
[2019-02-07 11:35:14.783] - [DEBUG] - [PropertiesConfig] - msg:[set path: /home/appmobid/apps/tomcat/account/properties/msg.properties]
[2019-02-07 11:35:14.798] - [DEBUG] - [PropertiesConfig] - msg:[set path: /home/appmobid/apps/tomcat/account/properties/config.properties]
[2019-02-07 11:35:14.841] - [INFO] - [PoolConectionConfig] - msg:[Url Base de datos: jdbc:mysql://10.142.0.4:3306/mcs_master_proyect]
[2019-02-07 11:35:16.373] - [INFO] - [AccountApplication] - msg:[Started AccountApplication in 6.916 seconds (JVM running for 11.634)]
[2019-02-07 11:35:16.414] - [DEBUG] - [AuthorizationTokenFilter] - msg:[Initializing filter 'authorizationTokenFilter']
[2019-02-07 11:35:16.415] - [DEBUG] - [AuthorizationTokenFilter] - msg:[Filter 'authorizationTokenFilter' configured successfully]
[2019-02-07 11:38:15.279] - [INFO] - [InitBean] - msg:[Aplicacion Detenida]
[2019-02-07 11:51:18.436] - [INFO] - [AccountApplication] - msg:[Starting AccountApplication v0.0.1-SNAPSHOT on bquiroz with PID 14439 (/opt/tomcat/webapps/account/WEB-INF/classes started by tomcat in /)]
[2019-02-07 11:51:18.447] - [DEBUG] - [AccountApplication] - msg:[Running with Spring Boot v2.0.2.RELEASE, Spring v5.0.6.RELEASE]
[2019-02-07 11:51:18.463] - [INFO] - [AccountApplication] - msg:[No active profile set, falling back to default profiles: default]
[2019-02-07 11:51:23.216] - [INFO] - [WebSecurityConfig$$EnhancerBySpringCGLIB$$37a53cdb] - msg:[Se agrega cors domain: https://ares.mobid.cl]
[2019-02-07 11:51:23.326] - [INFO] - [InitBean] - msg:[Aplicacion inicializada]
[2019-02-07 11:51:23.327] - [INFO] - [InitBean] - msg:[Location Properties: /home/appmobid/apps/tomcat/account/properties/]
[2019-02-07 11:51:23.328] - [DEBUG] - [PropertiesConfig] - msg:[set pathProperty: /home/appmobid/apps/tomcat/account/properties/]
[2019-02-07 11:51:23.328] - [DEBUG] - [PropertiesConfig] - msg:[set path: /home/appmobid/apps/tomcat/account/properties/msg.properties]
[2019-02-07 11:51:23.333] - [DEBUG] - [PropertiesConfig] - msg:[set path: /home/appmobid/apps/tomcat/account/properties/config.properties]
[2019-02-07 11:51:23.347] - [INFO] - [PoolConectionConfig] - msg:[Url Base de datos: jdbc:mysql://10.142.0.4:3306/mcs_master_proyect]
[2019-02-07 11:51:25.236] - [INFO] - [AccountApplication] - msg:[Started AccountApplication in 7.752 seconds (JVM running for 11.428)]
[2019-02-07 11:51:25.265] - [DEBUG] - [AuthorizationTokenFilter] - msg:[Initializing filter 'authorizationTokenFilter']
[2019-02-07 11:51:25.265] - [DEBUG] - [AuthorizationTokenFilter] - msg:[Filter 'authorizationTokenFilter' configured successfully]
[2019-02-07 12:05:25.804] - [INFO] - [InitBean] - msg:[Aplicacion Detenida]
[2019-02-07 12:16:06.716] - [INFO] - [AccountApplication] - msg:[Starting AccountApplication v0.0.1-SNAPSHOT on bquiroz with PID 3799 (/opt/tomcat/webapps/account/WEB-INF/classes started by tomcat in /)]
[2019-02-07 12:16:06.827] - [DEBUG] - [AccountApplication] - msg:[Running with Spring Boot v2.0.2.RELEASE, Spring v5.0.6.RELEASE]
[2019-02-07 12:16:06.831] - [INFO] - [AccountApplication] - msg:[No active profile set, falling back to default profiles: default]
[2019-02-07 12:16:13.964] - [INFO] - [WebSecurityConfig$$EnhancerBySpringCGLIB$$35332bd0] - msg:[Se agrega cors domain: https://ares.mobid.cl]
[2019-02-07 12:16:14.111] - [INFO] - [InitBean] - msg:[Aplicacion inicializada]
[2019-02-07 12:16:14.112] - [INFO] - [InitBean] - msg:[Location Properties: /home/appmobid/apps/tomcat/account/properties/]
[2019-02-07 12:16:14.114] - [DEBUG] - [PropertiesConfig] - msg:[set pathProperty: /home/appmobid/apps/tomcat/account/properties/]
[2019-02-07 12:16:14.115] - [DEBUG] - [PropertiesConfig] - msg:[set path: /home/appmobid/apps/tomcat/account/properties/msg.properties]
[2019-02-07 12:16:14.203] - [DEBUG] - [PropertiesConfig] - msg:[set path: /home/appmobid/apps/tomcat/account/properties/config.properties]
[2019-02-07 12:16:14.420] - [INFO] - [PoolConectionConfig] - msg:[Url Base de datos: jdbc:mysql://10.142.0.4:3306/mcs_master_proyect]
[2019-02-07 12:16:16.634] - [INFO] - [AccountApplication] - msg:[Started AccountApplication in 12.064 seconds (JVM running for 21.852)]
[2019-02-07 12:16:16.693] - [DEBUG] - [AuthorizationTokenFilter] - msg:[Initializing filter 'authorizationTokenFilter']
[2019-02-07 12:16:16.693] - [DEBUG] - [AuthorizationTokenFilter] - msg:[Filter 'authorizationTokenFilter' configured successfully]
[2019-02-07 14:47:05.764] - [INFO] - [InitBean] - msg:[Aplicacion Detenida]
[2019-02-07 15:25:58.286] - [INFO] - [AccountApplication] - msg:[Starting AccountApplication v0.0.1-SNAPSHOT on bquiroz with PID 5368 (/opt/tomcat/webapps/account/WEB-INF/classes started by tomcat in /)]
[2019-02-07 15:25:58.316] - [DEBUG] - [AccountApplication] - msg:[Running with Spring Boot v2.0.2.RELEASE, Spring v5.0.6.RELEASE]
[2019-02-07 15:25:58.319] - [INFO] - [AccountApplication] - msg:[No active profile set, falling back to default profiles: default]
[2019-02-07 15:26:04.547] - [INFO] - [WebSecurityConfig$$EnhancerBySpringCGLIB$$81f43dd0] - msg:[Se agrega cors domain: https://ares.mobid.cl]
[2019-02-07 15:26:04.649] - [INFO] - [InitBean] - msg:[Aplicacion inicializada]
[2019-02-07 15:26:04.649] - [INFO] - [InitBean] - msg:[Location Properties: /home/appmobid/apps/tomcat/account/properties/]
[2019-02-07 15:26:04.651] - [DEBUG] - [PropertiesConfig] - msg:[set pathProperty: /home/appmobid/apps/tomcat/account/properties/]
[2019-02-07 15:26:04.651] - [DEBUG] - [PropertiesConfig] - msg:[set path: /home/appmobid/apps/tomcat/account/properties/msg.properties]
[2019-02-07 15:26:04.671] - [DEBUG] - [PropertiesConfig] - msg:[set path: /home/appmobid/apps/tomcat/account/properties/config.properties]
[2019-02-07 15:26:04.718] - [INFO] - [PoolConectionConfig] - msg:[Url Base de datos: jdbc:mysql://10.142.0.4:3306/mcs_master_proyect]
[2019-02-07 15:26:06.272] - [INFO] - [AccountApplication] - msg:[Started AccountApplication in 9.201 seconds (JVM running for 15.823)]
[2019-02-07 15:26:06.320] - [DEBUG] - [AuthorizationTokenFilter] - msg:[Initializing filter 'authorizationTokenFilter']
[2019-02-07 15:26:06.321] - [DEBUG] - [AuthorizationTokenFilter] - msg:[Filter 'authorizationTokenFilter' configured successfully]
[2019-02-07 15:35:07.102] - [INFO] - [InitBean] - msg:[Aplicacion Detenida]
[2019-02-07 17:27:42.687] - [INFO] - [AccountApplication] - msg:[Starting AccountApplication v0.0.1-SNAPSHOT on bquiroz with PID 9743 (/opt/tomcat/webapps/account/WEB-INF/classes started by tomcat in /)]
[2019-02-07 17:27:42.707] - [DEBUG] - [AccountApplication] - msg:[Running with Spring Boot v2.0.2.RELEASE, Spring v5.0.6.RELEASE]
[2019-02-07 17:27:42.723] - [INFO] - [AccountApplication] - msg:[No active profile set, falling back to default profiles: default]
[2019-02-07 17:27:47.412] - [INFO] - [WebSecurityConfig$$EnhancerBySpringCGLIB$$d9ced256] - msg:[Se agrega cors domain: https://ares.mobid.cl]
[2019-02-07 17:27:47.536] - [INFO] - [InitBean] - msg:[Aplicacion inicializada]
[2019-02-07 17:27:47.537] - [INFO] - [InitBean] - msg:[Location Properties: /home/appmobid/apps/tomcat/account/properties/]
[2019-02-07 17:27:47.539] - [DEBUG] - [PropertiesConfig] - msg:[set pathProperty: /home/appmobid/apps/tomcat/account/properties/]
[2019-02-07 17:27:47.541] - [DEBUG] - [PropertiesConfig] - msg:[set path: /home/appmobid/apps/tomcat/account/properties/msg.properties]
[2019-02-07 17:27:47.558] - [DEBUG] - [PropertiesConfig] - msg:[set path: /home/appmobid/apps/tomcat/account/properties/config.properties]
[2019-02-07 17:27:47.602] - [INFO] - [PoolConectionConfig] - msg:[Url Base de datos: jdbc:mysql://10.142.0.4:3306/mcs_master_proyect]
[2019-02-07 17:27:49.026] - [INFO] - [AccountApplication] - msg:[Started AccountApplication in 7.227 seconds (JVM running for 13.873)]
[2019-02-07 17:27:49.050] - [DEBUG] - [AuthorizationTokenFilter] - msg:[Initializing filter 'authorizationTokenFilter']
[2019-02-07 17:27:49.051] - [DEBUG] - [AuthorizationTokenFilter] - msg:[Filter 'authorizationTokenFilter' configured successfully]
[2019-02-07 18:14:23.358] - [INFO] - [InitBean] - msg:[Aplicacion Detenida]
[2019-02-08 11:35:27.814] - [INFO] - [AccountApplication] - msg:[Starting AccountApplication v0.0.1-SNAPSHOT on bquiroz with PID 10361 (/opt/tomcat/webapps/account/WEB-INF/classes started by tomcat in /)]
[2019-02-08 11:35:27.880] - [DEBUG] - [AccountApplication] - msg:[Running with Spring Boot v2.0.2.RELEASE, Spring v5.0.6.RELEASE]
[2019-02-08 11:35:27.892] - [INFO] - [AccountApplication] - msg:[No active profile set, falling back to default profiles: default]
[2019-02-08 11:35:32.625] - [INFO] - [WebSecurityConfig$$EnhancerBySpringCGLIB$$b06da7bf] - msg:[Se agrega cors domain: https://ares.mobid.cl]
[2019-02-08 11:35:32.708] - [INFO] - [InitBean] - msg:[Aplicacion inicializada]
[2019-02-08 11:35:32.709] - [INFO] - [InitBean] - msg:[Location Properties: /home/appmobid/apps/tomcat/account/properties/]
[2019-02-08 11:35:32.710] - [DEBUG] - [PropertiesConfig] - msg:[set pathProperty: /home/appmobid/apps/tomcat/account/properties/]
[2019-02-08 11:35:32.710] - [DEBUG] - [PropertiesConfig] - msg:[set path: /home/appmobid/apps/tomcat/account/properties/msg.properties]
[2019-02-08 11:35:32.722] - [DEBUG] - [PropertiesConfig] - msg:[set path: /home/appmobid/apps/tomcat/account/properties/config.properties]
[2019-02-08 11:35:32.764] - [INFO] - [PoolConectionConfig] - msg:[Url Base de datos: jdbc:mysql://10.142.0.4:3306/mcs_master_proyect]
[2019-02-08 11:35:34.074] - [INFO] - [AccountApplication] - msg:[Started AccountApplication in 7.762 seconds (JVM running for 15.015)]
[2019-02-08 11:35:34.096] - [DEBUG] - [AuthorizationTokenFilter] - msg:[Initializing filter 'authorizationTokenFilter']
[2019-02-08 11:35:34.096] - [DEBUG] - [AuthorizationTokenFilter] - msg:[Filter 'authorizationTokenFilter' configured successfully]
[2019-02-08 11:47:04.431] - [ERROR] - [AccountDetailsDao] - msg:[ERROR SQL AL OBTENER DATOS DE USUARIO]
[2019-02-08 12:04:20.070] - [ERROR] - [AccountDetailsDao] - msg:[ERROR SQL AL OBTENER DATOS DE USUARIO]
[2019-02-08 12:21:33.918] - [ERROR] - [AccountDetailsDao] - msg:[ERROR SQL AL OBTENER DATOS DE USUARIO]
[2019-02-08 12:41:45.718] - [ERROR] - [AccountDetailsDao] - msg:[ERROR SQL AL OBTENER DATOS DE USUARIO]
[2019-02-08 12:46:24.224] - [ERROR] - [AccountDetailsDao] - msg:[ERROR SQL AL OBTENER DATOS DE USUARIO]
[2019-02-08 12:47:53.717] - [ERROR] - [AccountDetailsDao] - msg:[ERROR SQL AL OBTENER DATOS DE USUARIO]
[2019-02-08 12:54:11.745] - [ERROR] - [AccountDetailsDao] - msg:[ERROR SQL AL OBTENER DATOS DE USUARIO]
[2019-02-08 12:55:32.325] - [ERROR] - [AccountDetailsDao] - msg:[ERROR SQL AL OBTENER DATOS DE USUARIO]
[2019-02-08 16:02:14.991] - [INFO] - [InitBean] - msg:[Aplicacion Detenida]
[2019-02-08 16:02:22.326] - [INFO] - [AccountApplication] - msg:[Starting AccountApplication v0.0.1-SNAPSHOT on bquiroz with PID 15210 (/opt/tomcat/webapps/account/WEB-INF/classes started by tomcat in /)]
[2019-02-08 16:02:22.347] - [DEBUG] - [AccountApplication] - msg:[Running with Spring Boot v2.0.2.RELEASE, Spring v5.0.6.RELEASE]
[2019-02-08 16:02:22.351] - [INFO] - [AccountApplication] - msg:[No active profile set, falling back to default profiles: default]
[2019-02-08 16:02:27.108] - [INFO] - [WebSecurityConfig$$EnhancerBySpringCGLIB$$a13f9fa8] - msg:[Se agrega cors domain: https://172.16.3.108]
[2019-02-08 16:02:27.203] - [INFO] - [InitBean] - msg:[Aplicacion inicializada]
[2019-02-08 16:02:27.203] - [INFO] - [InitBean] - msg:[Location Properties: /home/appmobid/apps/tomcat/account/properties/]
[2019-02-08 16:02:27.205] - [DEBUG] - [PropertiesConfig] - msg:[set pathProperty: /home/appmobid/apps/tomcat/account/properties/]
[2019-02-08 16:02:27.205] - [DEBUG] - [PropertiesConfig] - msg:[set path: /home/appmobid/apps/tomcat/account/properties/msg.properties]
[2019-02-08 16:02:27.248] - [DEBUG] - [PropertiesConfig] - msg:[set path: /home/appmobid/apps/tomcat/account/properties/config.properties]
[2019-02-08 16:02:27.348] - [INFO] - [PoolConectionConfig] - msg:[Url Base de datos: jdbc:mysql://10.142.0.4:3306/mcs_master_proyect]
[2019-02-08 16:02:28.840] - [INFO] - [AccountApplication] - msg:[Started AccountApplication in 7.489 seconds (JVM running for 12.934)]
[2019-02-08 16:02:28.895] - [DEBUG] - [AuthorizationTokenFilter] - msg:[Initializing filter 'authorizationTokenFilter']
[2019-02-08 16:02:28.896] - [DEBUG] - [AuthorizationTokenFilter] - msg:[Filter 'authorizationTokenFilter' configured successfully]
[2019-02-08 16:07:10.421] - [ERROR] - [AccountDetailsDao] - msg:[ERROR SQL AL OBTENER DATOS DE USUARIO]
[2019-02-08 16:08:41.341] - [INFO] - [InitBean] - msg:[Aplicacion Detenida]
[2019-02-08 16:08:46.113] - [INFO] - [AccountApplication] - msg:[Starting AccountApplication v0.0.1-SNAPSHOT on bquiroz with PID 15464 (/opt/tomcat/webapps/account/WEB-INF/classes started by tomcat in /)]
[2019-02-08 16:08:46.121] - [DEBUG] - [AccountApplication] - msg:[Running with Spring Boot v2.0.2.RELEASE, Spring v5.0.6.RELEASE]
[2019-02-08 16:08:46.124] - [INFO] - [AccountApplication] - msg:[No active profile set, falling back to default profiles: default]
[2019-02-08 16:08:49.766] - [INFO] - [WebSecurityConfig$$EnhancerBySpringCGLIB$$528ab9d7] - msg:[Se agrega cors domain: http://vpetrel.mobid.cl]
[2019-02-08 16:08:49.847] - [INFO] - [InitBean] - msg:[Aplicacion inicializada]
[2019-02-08 16:08:49.847] - [INFO] - [InitBean] - msg:[Location Properties: /home/appmobid/apps/tomcat/account/properties/]
[2019-02-08 16:08:49.849] - [DEBUG] - [PropertiesConfig] - msg:[set pathProperty: /home/appmobid/apps/tomcat/account/properties/]
[2019-02-08 16:08:49.849] - [DEBUG] - [PropertiesConfig] - msg:[set path: /home/appmobid/apps/tomcat/account/properties/msg.properties]
[2019-02-08 16:08:49.849] - [DEBUG] - [PropertiesConfig] - msg:[set path: /home/appmobid/apps/tomcat/account/properties/config.properties]
[2019-02-08 16:08:49.857] - [INFO] - [PoolConectionConfig] - msg:[Url Base de datos: jdbc:mysql://10.142.0.4:3306/mcs_master_proyect]
[2019-02-08 16:08:51.058] - [INFO] - [AccountApplication] - msg:[Started AccountApplication in 5.574 seconds (JVM running for 8.86)]
[2019-02-08 16:08:51.080] - [DEBUG] - [AuthorizationTokenFilter] - msg:[Initializing filter 'authorizationTokenFilter']
[2019-02-08 16:08:51.080] - [DEBUG] - [AuthorizationTokenFilter] - msg:[Filter 'authorizationTokenFilter' configured successfully]
[2019-02-08 16:12:39.148] - [ERROR] - [AccountDetailsDao] - msg:[ERROR SQL AL OBTENER DATOS DE USUARIO]
[2019-02-08 16:17:37.872] - [ERROR] - [AccountDetailsDao] - msg:[ERROR SQL AL OBTENER DATOS DE USUARIO]
[2019-02-08 16:36:47.274] - [ERROR] - [AccountDetailsDao] - msg:[ERROR SQL AL OBTENER DATOS DE USUARIO]
[2019-02-08 16:51:40.725] - [INFO] - [InitBean] - msg:[Aplicacion Detenida]
