[2019-02-15 10:28:35.345] - [INFO] - [AccountApplication] - msg:[Starting AccountApplication v0.0.1-SNAPSHOT on bquiroz with PID 8563 (/opt/tomcat/webapps/account/WEB-INF/classes started by tomcat in /)]
[2019-02-15 10:28:35.364] - [DEBUG] - [AccountApplication] - msg:[Running with Spring Boot v2.0.2.RELEASE, Spring v5.0.6.RELEASE]
[2019-02-15 10:28:35.368] - [INFO] - [AccountApplication] - msg:[No active profile set, falling back to default profiles: default]
[2019-02-15 10:28:40.696] - [INFO] - [WebSecurityConfig$$EnhancerBySpringCGLIB$$79222ed3] - msg:[Se agrega cors domain: http://localhost]
[2019-02-15 10:28:40.789] - [INFO] - [InitBean] - msg:[Aplicacion inicializada]
[2019-02-15 10:28:40.790] - [INFO] - [InitBean] - msg:[Location Properties: /home/appmobid/apps/tomcat/account/properties/]
[2019-02-15 10:28:40.791] - [DEBUG] - [PropertiesConfig] - msg:[set pathProperty: /home/appmobid/apps/tomcat/account/properties/]
[2019-02-15 10:28:40.791] - [DEBUG] - [PropertiesConfig] - msg:[set path: /home/appmobid/apps/tomcat/account/properties/msg.properties]
[2019-02-15 10:28:40.807] - [DEBUG] - [PropertiesConfig] - msg:[set path: /home/appmobid/apps/tomcat/account/properties/config.properties]
[2019-02-15 10:28:40.855] - [INFO] - [PoolConectionConfig] - msg:[Url Base de datos: jdbc:mysql://10.142.0.4:3306/mcs_master_proyect]
[2019-02-15 10:28:42.236] - [INFO] - [AccountApplication] - msg:[Started AccountApplication in 7.88 seconds (JVM running for 14.156)]
[2019-02-15 10:28:42.290] - [DEBUG] - [AuthorizationTokenFilter] - msg:[Initializing filter 'authorizationTokenFilter']
[2019-02-15 10:28:42.291] - [DEBUG] - [AuthorizationTokenFilter] - msg:[Filter 'authorizationTokenFilter' configured successfully]
[2019-02-15 12:53:19.988] - [INFO] - [InitBean] - msg:[Aplicacion Detenida]
[2019-02-15 12:57:59.635] - [INFO] - [AccountApplication] - msg:[Starting AccountApplication v0.0.1-SNAPSHOT on bquiroz with PID 13535 (/opt/tomcat/webapps/account/WEB-INF/classes started by tomcat in /)]
[2019-02-15 12:57:59.646] - [DEBUG] - [AccountApplication] - msg:[Running with Spring Boot v2.0.2.RELEASE, Spring v5.0.6.RELEASE]
[2019-02-15 12:57:59.658] - [INFO] - [AccountApplication] - msg:[No active profile set, falling back to default profiles: default]
[2019-02-15 12:58:05.474] - [INFO] - [WebSecurityConfig$$EnhancerBySpringCGLIB$$4ad415d5] - msg:[Se agrega cors domain: http://localhost]
[2019-02-15 12:58:05.638] - [INFO] - [InitBean] - msg:[Aplicacion inicializada]
[2019-02-15 12:58:05.639] - [INFO] - [InitBean] - msg:[Location Properties: /home/appmobid/apps/tomcat/account/properties/]
[2019-02-15 12:58:05.640] - [DEBUG] - [PropertiesConfig] - msg:[set pathProperty: /home/appmobid/apps/tomcat/account/properties/]
[2019-02-15 12:58:05.641] - [DEBUG] - [PropertiesConfig] - msg:[set path: /home/appmobid/apps/tomcat/account/properties/msg.properties]
[2019-02-15 12:58:05.641] - [DEBUG] - [PropertiesConfig] - msg:[set path: /home/appmobid/apps/tomcat/account/properties/config.properties]
[2019-02-15 12:58:05.655] - [INFO] - [PoolConectionConfig] - msg:[Url Base de datos: jdbc:mysql://10.142.0.4:3306/mcs_master_proyect]
[2019-02-15 12:58:07.605] - [INFO] - [AccountApplication] - msg:[Started AccountApplication in 8.812 seconds (JVM running for 12.155)]
[2019-02-15 12:58:07.621] - [DEBUG] - [AuthorizationTokenFilter] - msg:[Initializing filter 'authorizationTokenFilter']
[2019-02-15 12:58:07.621] - [DEBUG] - [AuthorizationTokenFilter] - msg:[Filter 'authorizationTokenFilter' configured successfully]
[2019-02-15 16:21:59.945] - [INFO] - [InitBean] - msg:[Aplicacion Detenida]
