[2019-02-06 17:39:38.731] - [INFO] - [AccountApplication] - msg:[Starting AccountApplication v0.0.1-SNAPSHOT on bquiroz with PID 11741 (/opt/tomcat/webapps/account/WEB-INF/classes started by tomcat in /)]
[2019-02-06 17:39:38.738] - [DEBUG] - [AccountApplication] - msg:[Running with Spring Boot v2.0.2.RELEASE, Spring v5.0.6.RELEASE]
[2019-02-06 17:39:38.739] - [INFO] - [AccountApplication] - msg:[No active profile set, falling back to default profiles: default]
[2019-02-06 17:39:42.403] - [INFO] - [WebSecurityConfig$$EnhancerBySpringCGLIB$$41294401] - msg:[Se agrega cors domain: https://ares.mobid.cl]
[2019-02-06 17:39:42.494] - [INFO] - [InitBean] - msg:[Aplicacion inicializada]
[2019-02-06 17:39:42.495] - [INFO] - [InitBean] - msg:[Location Properties: /home/appmobid/apps/tomcat/account/properties/]
[2019-02-06 17:39:42.496] - [DEBUG] - [PropertiesConfig] - msg:[set pathProperty: /home/appmobid/apps/tomcat/account/properties/]
[2019-02-06 17:39:42.496] - [DEBUG] - [PropertiesConfig] - msg:[set path: /home/appmobid/apps/tomcat/account/properties/msg.properties]
[2019-02-06 17:39:42.496] - [DEBUG] - [PropertiesConfig] - msg:[set path: /home/appmobid/apps/tomcat/account/properties/config.properties]
[2019-02-06 17:39:42.507] - [INFO] - [PoolConectionConfig] - msg:[Url Base de datos: jdbc:mysql://10.142.0.4:3306/mcs_master_proyect]
[2019-02-06 17:39:43.775] - [INFO] - [AccountApplication] - msg:[Started AccountApplication in 5.541 seconds (JVM running for 19889.586)]
[2019-02-06 17:39:43.784] - [DEBUG] - [AuthorizationTokenFilter] - msg:[Initializing filter 'authorizationTokenFilter']
[2019-02-06 17:39:43.784] - [DEBUG] - [AuthorizationTokenFilter] - msg:[Filter 'authorizationTokenFilter' configured successfully]
[2019-02-06 17:40:14.392] - [INFO] - [InitBean] - msg:[Aplicacion Detenida]
[2019-02-06 17:40:16.528] - [INFO] - [AccountApplication] - msg:[Starting AccountApplication v0.0.1-SNAPSHOT on bquiroz with PID 11741 (/opt/tomcat/webapps/account/WEB-INF/classes started by tomcat in /)]
[2019-02-06 17:40:16.536] - [DEBUG] - [AccountApplication] - msg:[Running with Spring Boot v2.0.2.RELEASE, Spring v5.0.6.RELEASE]
[2019-02-06 17:40:16.538] - [INFO] - [AccountApplication] - msg:[No active profile set, falling back to default profiles: default]
[2019-02-06 17:40:20.037] - [INFO] - [WebSecurityConfig$$EnhancerBySpringCGLIB$$1f28e784] - msg:[Se agrega cors domain: https://ares.mobid.cl]
[2019-02-06 17:40:20.128] - [INFO] - [InitBean] - msg:[Aplicacion inicializada]
[2019-02-06 17:40:20.128] - [INFO] - [InitBean] - msg:[Location Properties: /home/appmobid/apps/tomcat/account/properties/]
[2019-02-06 17:40:20.130] - [DEBUG] - [PropertiesConfig] - msg:[set pathProperty: /home/appmobid/apps/tomcat/account/properties/]
[2019-02-06 17:40:20.130] - [DEBUG] - [PropertiesConfig] - msg:[set path: /home/appmobid/apps/tomcat/account/properties/msg.properties]
[2019-02-06 17:40:20.130] - [DEBUG] - [PropertiesConfig] - msg:[set path: /home/appmobid/apps/tomcat/account/properties/config.properties]
[2019-02-06 17:40:20.141] - [INFO] - [PoolConectionConfig] - msg:[Url Base de datos: jdbc:mysql://10.142.0.4:3306/mcs_master_proyect]
[2019-02-06 17:40:21.275] - [INFO] - [AccountApplication] - msg:[Started AccountApplication in 5.176 seconds (JVM running for 19927.085)]
[2019-02-06 17:40:21.284] - [DEBUG] - [AuthorizationTokenFilter] - msg:[Initializing filter 'authorizationTokenFilter']
[2019-02-06 17:40:21.284] - [DEBUG] - [AuthorizationTokenFilter] - msg:[Filter 'authorizationTokenFilter' configured successfully]
[2019-02-06 17:59:58.066] - [ERROR] - [AccountDetailsDao] - msg:[ERROR SQL AL OBTENER DATOS DE USUARIO]
[2019-02-06 18:33:42.394] - [INFO] - [InitBean] - msg:[Aplicacion Detenida]
[2019-02-06 18:33:49.935] - [INFO] - [AccountApplication] - msg:[Starting AccountApplication v0.0.1-SNAPSHOT on bquiroz with PID 23680 (/opt/tomcat/webapps/account/WEB-INF/classes started by tomcat in /)]
[2019-02-06 18:33:49.944] - [DEBUG] - [AccountApplication] - msg:[Running with Spring Boot v2.0.2.RELEASE, Spring v5.0.6.RELEASE]
[2019-02-06 18:33:49.954] - [INFO] - [AccountApplication] - msg:[No active profile set, falling back to default profiles: default]
[2019-02-06 18:33:56.204] - [INFO] - [WebSecurityConfig$$EnhancerBySpringCGLIB$$c8400eb9] - msg:[Se agrega cors domain: https://ares.mobid.cl]
[2019-02-06 18:33:56.324] - [INFO] - [InitBean] - msg:[Aplicacion inicializada]
[2019-02-06 18:33:56.324] - [INFO] - [InitBean] - msg:[Location Properties: /home/appmobid/apps/tomcat/account/properties/]
[2019-02-06 18:33:56.326] - [DEBUG] - [PropertiesConfig] - msg:[set pathProperty: /home/appmobid/apps/tomcat/account/properties/]
[2019-02-06 18:33:56.326] - [DEBUG] - [PropertiesConfig] - msg:[set path: /home/appmobid/apps/tomcat/account/properties/msg.properties]
[2019-02-06 18:33:56.347] - [DEBUG] - [PropertiesConfig] - msg:[set path: /home/appmobid/apps/tomcat/account/properties/config.properties]
[2019-02-06 18:33:56.368] - [INFO] - [PoolConectionConfig] - msg:[Url Base de datos: jdbc:mysql://10.142.0.4:3306/mcs_master_proyect]
[2019-02-06 18:33:58.263] - [INFO] - [AccountApplication] - msg:[Started AccountApplication in 9.691 seconds (JVM running for 14.883)]
[2019-02-06 18:33:58.297] - [DEBUG] - [AuthorizationTokenFilter] - msg:[Initializing filter 'authorizationTokenFilter']
[2019-02-06 18:33:58.298] - [DEBUG] - [AuthorizationTokenFilter] - msg:[Filter 'authorizationTokenFilter' configured successfully]
[2019-02-06 18:34:54.181] - [INFO] - [InitBean] - msg:[Aplicacion Detenida]
