[2019-02-18 09:26:51.772] - [INFO] - [AccountApplication] - msg:[Starting AccountApplication v0.0.1-SNAPSHOT on bquiroz with PID 6846 (/opt/tomcat/webapps/account/WEB-INF/classes started by tomcat in /)]
[2019-02-18 09:26:51.787] - [DEBUG] - [AccountApplication] - msg:[Running with Spring Boot v2.0.2.RELEASE, Spring v5.0.6.RELEASE]
[2019-02-18 09:26:51.790] - [INFO] - [AccountApplication] - msg:[No active profile set, falling back to default profiles: default]
[2019-02-18 09:26:55.979] - [INFO] - [WebSecurityConfig$$EnhancerBySpringCGLIB$$ee43e701] - msg:[Se agrega cors domain: http://localhost]
[2019-02-18 09:26:56.047] - [INFO] - [InitBean] - msg:[Aplicacion inicializada]
[2019-02-18 09:26:56.048] - [INFO] - [InitBean] - msg:[Location Properties: /home/appmobid/apps/tomcat/account/properties/]
[2019-02-18 09:26:56.049] - [DEBUG] - [PropertiesConfig] - msg:[set pathProperty: /home/appmobid/apps/tomcat/account/properties/]
[2019-02-18 09:26:56.049] - [DEBUG] - [PropertiesConfig] - msg:[set path: /home/appmobid/apps/tomcat/account/properties/msg.properties]
[2019-02-18 09:26:56.071] - [DEBUG] - [PropertiesConfig] - msg:[set path: /home/appmobid/apps/tomcat/account/properties/config.properties]
[2019-02-18 09:26:56.119] - [INFO] - [PoolConectionConfig] - msg:[Url Base de datos: jdbc:mysql://10.142.0.4:3306/mcs_master_proyect]
[2019-02-18 09:26:57.507] - [INFO] - [AccountApplication] - msg:[Started AccountApplication in 6.841 seconds (JVM running for 13.31)]
[2019-02-18 09:26:57.545] - [DEBUG] - [AuthorizationTokenFilter] - msg:[Initializing filter 'authorizationTokenFilter']
[2019-02-18 09:26:57.545] - [DEBUG] - [AuthorizationTokenFilter] - msg:[Filter 'authorizationTokenFilter' configured successfully]
[2019-02-18 10:11:36.253] - [INFO] - [InitBean] - msg:[Aplicacion Detenida]
[2019-02-18 10:16:20.238] - [INFO] - [AccountApplication] - msg:[Starting AccountApplication v0.0.1-SNAPSHOT on bquiroz with PID 8981 (/opt/tomcat/webapps/account/WEB-INF/classes started by tomcat in /)]
[2019-02-18 10:16:20.249] - [DEBUG] - [AccountApplication] - msg:[Running with Spring Boot v2.0.2.RELEASE, Spring v5.0.6.RELEASE]
[2019-02-18 10:16:20.252] - [INFO] - [AccountApplication] - msg:[No active profile set, falling back to default profiles: default]
[2019-02-18 10:16:25.155] - [INFO] - [WebSecurityConfig$$EnhancerBySpringCGLIB$$63e3e78d] - msg:[Se agrega cors domain: http://localhost]
[2019-02-18 10:16:25.244] - [INFO] - [InitBean] - msg:[Aplicacion inicializada]
[2019-02-18 10:16:25.245] - [INFO] - [InitBean] - msg:[Location Properties: /home/appmobid/apps/tomcat/account/properties/]
[2019-02-18 10:16:25.246] - [DEBUG] - [PropertiesConfig] - msg:[set pathProperty: /home/appmobid/apps/tomcat/account/properties/]
[2019-02-18 10:16:25.246] - [DEBUG] - [PropertiesConfig] - msg:[set path: /home/appmobid/apps/tomcat/account/properties/msg.properties]
[2019-02-18 10:16:25.247] - [DEBUG] - [PropertiesConfig] - msg:[set path: /home/appmobid/apps/tomcat/account/properties/config.properties]
[2019-02-18 10:16:25.257] - [INFO] - [PoolConectionConfig] - msg:[Url Base de datos: jdbc:mysql://10.142.0.4:3306/mcs_master_proyect]
[2019-02-18 10:16:26.561] - [INFO] - [AccountApplication] - msg:[Started AccountApplication in 7.468 seconds (JVM running for 11.487)]
[2019-02-18 10:16:26.581] - [DEBUG] - [AuthorizationTokenFilter] - msg:[Initializing filter 'authorizationTokenFilter']
[2019-02-18 10:16:26.581] - [DEBUG] - [AuthorizationTokenFilter] - msg:[Filter 'authorizationTokenFilter' configured successfully]
[2019-02-18 10:16:59.244] - [INFO] - [InitBean] - msg:[Aplicacion Detenida]
[2019-02-18 11:02:41.425] - [INFO] - [AccountApplication] - msg:[Starting AccountApplication v0.0.1-SNAPSHOT on bquiroz with PID 10679 (/opt/tomcat/webapps/account/WEB-INF/classes started by tomcat in /)]
[2019-02-18 11:02:41.436] - [DEBUG] - [AccountApplication] - msg:[Running with Spring Boot v2.0.2.RELEASE, Spring v5.0.6.RELEASE]
[2019-02-18 11:02:41.440] - [INFO] - [AccountApplication] - msg:[No active profile set, falling back to default profiles: default]
[2019-02-18 11:02:45.758] - [INFO] - [WebSecurityConfig$$EnhancerBySpringCGLIB$$1e4ba7d7] - msg:[Se agrega cors domain: http://localhost]
[2019-02-18 11:02:45.858] - [INFO] - [InitBean] - msg:[Aplicacion inicializada]
[2019-02-18 11:02:45.858] - [INFO] - [InitBean] - msg:[Location Properties: /home/appmobid/apps/tomcat/account/properties/]
[2019-02-18 11:02:45.859] - [DEBUG] - [PropertiesConfig] - msg:[set pathProperty: /home/appmobid/apps/tomcat/account/properties/]
[2019-02-18 11:02:45.860] - [DEBUG] - [PropertiesConfig] - msg:[set path: /home/appmobid/apps/tomcat/account/properties/msg.properties]
[2019-02-18 11:02:45.879] - [DEBUG] - [PropertiesConfig] - msg:[set path: /home/appmobid/apps/tomcat/account/properties/config.properties]
[2019-02-18 11:02:45.928] - [INFO] - [PoolConectionConfig] - msg:[Url Base de datos: jdbc:mysql://10.142.0.4:3306/mcs_master_proyect]
[2019-02-18 11:02:47.403] - [INFO] - [AccountApplication] - msg:[Started AccountApplication in 7.013 seconds (JVM running for 13.494)]
[2019-02-18 11:02:47.423] - [DEBUG] - [AuthorizationTokenFilter] - msg:[Initializing filter 'authorizationTokenFilter']
[2019-02-18 11:02:47.423] - [DEBUG] - [AuthorizationTokenFilter] - msg:[Filter 'authorizationTokenFilter' configured successfully]
[2019-02-18 11:27:03.789] - [INFO] - [InitBean] - msg:[Aplicacion Detenida]
